The system is: Linux - 6.1.12 - x86_64
Compiling the CXX compiler identification source file "CMakeCXXCompilerId.cpp" succeeded.
Compiler: /usr/lib/llvm/15/bin/clang++ 
Build flags: 
Id flags:  

The output was:
0


Compilation of the CXX compiler identification source "CMakeCXXCompilerId.cpp" produced "a.out"

The CXX compiler identification is Clang, found in "/home/meil/devel/linux/stomptalk-meta/stomptalk/build-threadutx/CMakeFiles/3.25.2/CompilerIdCXX/a.out"

Detecting CXX compiler ABI info compiled with the following output:
Change Dir: /home/meil/devel/linux/stomptalk-meta/stomptalk/build-threadutx/CMakeFiles/CMakeScratch/TryCompile-N9wAL3

Run Build Command(s):/usr/bin/ninja cmTC_a8322 && [1/2] Building CXX object CMakeFiles/cmTC_a8322.dir/CMakeCXXCompilerABI.cpp.o
clang version 15.0.7
Target: x86_64-pc-linux-gnu
Thread model: posix
InstalledDir: /usr/lib/llvm/15/bin
Configuration file: /etc/clang/clang++.cfg
System configuration file directory: /etc/clang
Selected GCC installation: /usr/lib/gcc/x86_64-pc-linux-gnu/12
Candidate multilib: .;@m64
Candidate multilib: 32;@m32
Selected multilib: .;@m64
 (in-process)
 "/usr/lib/llvm/15/bin/clang-15" -cc1 -triple x86_64-pc-linux-gnu -emit-obj -mrelax-all --mrelax-relocations -disable-free -clear-ast-before-backend -disable-llvm-verifier -discard-value-names -main-file-name CMakeCXXCompilerABI.cpp -mrelocation-model pic -pic-level 2 -pic-is-pie -mframe-pointer=all -fmath-errno -ffp-contract=on -fno-rounding-math -mconstructor-aliases -funwind-tables=2 -target-cpu x86-64 -tune-cpu generic -mllvm -treat-scalable-fixed-error-as-warning -debugger-tuning=gdb -v -fcoverage-compilation-dir=/home/meil/devel/linux/stomptalk-meta/stomptalk/build-threadutx/CMakeFiles/CMakeScratch/TryCompile-N9wAL3 -resource-dir /usr/lib/llvm/15/bin/../../../../lib/clang/15.0.7 -dependency-file CMakeFiles/cmTC_a8322.dir/CMakeCXXCompilerABI.cpp.o.d -MT CMakeFiles/cmTC_a8322.dir/CMakeCXXCompilerABI.cpp.o -sys-header-deps -include /usr/include/gentoo/fortify.h -internal-isystem /usr/lib/gcc/x86_64-pc-linux-gnu/12/include/g++-v12 -internal-isystem /usr/lib/gcc/x86_64-pc-linux-gnu/12/include/g++-v12/x86_64-pc-linux-gnu -internal-isystem /usr/lib/gcc/x86_64-pc-linux-gnu/12/include/g++-v12/backward -internal-isystem /usr/lib/llvm/15/bin/../../../../lib/clang/15.0.7/include -internal-isystem /usr/local/include -internal-isystem /usr/lib/gcc/x86_64-pc-linux-gnu/12/../../../../x86_64-pc-linux-gnu/include -internal-externc-isystem /include -internal-externc-isystem /usr/include -fdeprecated-macro -fdebug-compilation-dir=/home/meil/devel/linux/stomptalk-meta/stomptalk/build-threadutx/CMakeFiles/CMakeScratch/TryCompile-N9wAL3 -ferror-limit 19 -stack-protector 2 -fgnuc-version=4.2.1 -fcxx-exceptions -fexceptions -D__GCC_HAVE_DWARF2_CFI_ASM=1 -o CMakeFiles/cmTC_a8322.dir/CMakeCXXCompilerABI.cpp.o -x c++ /usr/share/cmake/Modules/CMakeCXXCompilerABI.cpp
clang -cc1 version 15.0.7 based upon LLVM 15.0.7 default target x86_64-pc-linux-gnu
ignoring nonexistent directory "/usr/lib/gcc/x86_64-pc-linux-gnu/12/../../../../x86_64-pc-linux-gnu/include"
ignoring nonexistent directory "/include"
#include "..." search starts here:
#include <...> search starts here:
 /usr/lib/gcc/x86_64-pc-linux-gnu/12/include/g++-v12
 /usr/lib/gcc/x86_64-pc-linux-gnu/12/include/g++-v12/x86_64-pc-linux-gnu
 /usr/lib/gcc/x86_64-pc-linux-gnu/12/include/g++-v12/backward
 /usr/lib/llvm/15/bin/../../../../lib/clang/15.0.7/include
 /usr/local/include
 /usr/include
End of search list.
[2/2] Linking CXX executable cmTC_a8322
clang version 15.0.7
Target: x86_64-pc-linux-gnu
Thread model: posix
InstalledDir: /usr/lib/llvm/15/bin
Configuration file: /etc/clang/clang++.cfg
System configuration file directory: /etc/clang
Selected GCC installation: /usr/lib/gcc/x86_64-pc-linux-gnu/12
Candidate multilib: .;@m64
Candidate multilib: 32;@m32
Selected multilib: .;@m64
 "/usr/bin/x86_64-pc-linux-gnu-ld.bfd" -pie --eh-frame-hdr -m elf_x86_64 -dynamic-linker /lib64/ld-linux-x86-64.so.2 -o cmTC_a8322 /usr/lib/gcc/x86_64-pc-linux-gnu/12/../../../../lib64/Scrt1.o /usr/lib/gcc/x86_64-pc-linux-gnu/12/../../../../lib64/crti.o /usr/lib/gcc/x86_64-pc-linux-gnu/12/crtbeginS.o -L/usr/lib/gcc/x86_64-pc-linux-gnu/12 -L/usr/lib/gcc/x86_64-pc-linux-gnu/12/../../../../lib64 -L/lib/../lib64 -L/usr/lib/../lib64 -L/usr/lib/gcc/x86_64-pc-linux-gnu/12/../../../../x86_64-pc-linux-gnu/lib -L/lib -L/usr/lib CMakeFiles/cmTC_a8322.dir/CMakeCXXCompilerABI.cpp.o -lstdc++ -lm -lgcc_s -lgcc -lc -lgcc_s -lgcc /usr/lib/gcc/x86_64-pc-linux-gnu/12/crtendS.o /usr/lib/gcc/x86_64-pc-linux-gnu/12/../../../../lib64/crtn.o



Parsed CXX implicit include dir info from above output: rv=done
  found start of include info
  found start of implicit include info
    add: [/usr/lib/gcc/x86_64-pc-linux-gnu/12/include/g++-v12]
    add: [/usr/lib/gcc/x86_64-pc-linux-gnu/12/include/g++-v12/x86_64-pc-linux-gnu]
    add: [/usr/lib/gcc/x86_64-pc-linux-gnu/12/include/g++-v12/backward]
    add: [/usr/lib/llvm/15/bin/../../../../lib/clang/15.0.7/include]
    add: [/usr/local/include]
    add: [/usr/include]
  end of search list found
  collapse include dir [/usr/lib/gcc/x86_64-pc-linux-gnu/12/include/g++-v12] ==> [/usr/lib/gcc/x86_64-pc-linux-gnu/12/include/g++-v12]
  collapse include dir [/usr/lib/gcc/x86_64-pc-linux-gnu/12/include/g++-v12/x86_64-pc-linux-gnu] ==> [/usr/lib/gcc/x86_64-pc-linux-gnu/12/include/g++-v12/x86_64-pc-linux-gnu]
  collapse include dir [/usr/lib/gcc/x86_64-pc-linux-gnu/12/include/g++-v12/backward] ==> [/usr/lib/gcc/x86_64-pc-linux-gnu/12/include/g++-v12/backward]
  collapse include dir [/usr/lib/llvm/15/bin/../../../../lib/clang/15.0.7/include] ==> [/usr/lib/clang/15.0.7/include]
  collapse include dir [/usr/local/include] ==> [/usr/local/include]
  collapse include dir [/usr/include] ==> [/usr/include]
  implicit include dirs: [/usr/lib/gcc/x86_64-pc-linux-gnu/12/include/g++-v12;/usr/lib/gcc/x86_64-pc-linux-gnu/12/include/g++-v12/x86_64-pc-linux-gnu;/usr/lib/gcc/x86_64-pc-linux-gnu/12/include/g++-v12/backward;/usr/lib/clang/15.0.7/include;/usr/local/include;/usr/include]


Parsed CXX implicit link information from above output:
  link line regex: [^( *|.*[/\])(ld\.lld|CMAKE_LINK_STARTFILE-NOTFOUND|([^/\]+-)?ld|collect2)[^/\]*( |$)]
  ignore line: [Change Dir: /home/meil/devel/linux/stomptalk-meta/stomptalk/build-threadutx/CMakeFiles/CMakeScratch/TryCompile-N9wAL3]
  ignore line: []
  ignore line: [Run Build Command(s):/usr/bin/ninja cmTC_a8322 && [1/2] Building CXX object CMakeFiles/cmTC_a8322.dir/CMakeCXXCompilerABI.cpp.o]
  ignore line: [clang version 15.0.7]
  ignore line: [Target: x86_64-pc-linux-gnu]
  ignore line: [Thread model: posix]
  ignore line: [InstalledDir: /usr/lib/llvm/15/bin]
  ignore line: [Configuration file: /etc/clang/clang++.cfg]
  ignore line: [System configuration file directory: /etc/clang]
  ignore line: [Selected GCC installation: /usr/lib/gcc/x86_64-pc-linux-gnu/12]
  ignore line: [Candidate multilib: .]
  ignore line: [@m64]
  ignore line: [Candidate multilib: 32]
  ignore line: [@m32]
  ignore line: [Selected multilib: .]
  ignore line: [@m64]
  ignore line: [ (in-process)]
  ignore line: [ "/usr/lib/llvm/15/bin/clang-15" -cc1 -triple x86_64-pc-linux-gnu -emit-obj -mrelax-all --mrelax-relocations -disable-free -clear-ast-before-backend -disable-llvm-verifier -discard-value-names -main-file-name CMakeCXXCompilerABI.cpp -mrelocation-model pic -pic-level 2 -pic-is-pie -mframe-pointer=all -fmath-errno -ffp-contract=on -fno-rounding-math -mconstructor-aliases -funwind-tables=2 -target-cpu x86-64 -tune-cpu generic -mllvm -treat-scalable-fixed-error-as-warning -debugger-tuning=gdb -v -fcoverage-compilation-dir=/home/meil/devel/linux/stomptalk-meta/stomptalk/build-threadutx/CMakeFiles/CMakeScratch/TryCompile-N9wAL3 -resource-dir /usr/lib/llvm/15/bin/../../../../lib/clang/15.0.7 -dependency-file CMakeFiles/cmTC_a8322.dir/CMakeCXXCompilerABI.cpp.o.d -MT CMakeFiles/cmTC_a8322.dir/CMakeCXXCompilerABI.cpp.o -sys-header-deps -include /usr/include/gentoo/fortify.h -internal-isystem /usr/lib/gcc/x86_64-pc-linux-gnu/12/include/g++-v12 -internal-isystem /usr/lib/gcc/x86_64-pc-linux-gnu/12/include/g++-v12/x86_64-pc-linux-gnu -internal-isystem /usr/lib/gcc/x86_64-pc-linux-gnu/12/include/g++-v12/backward -internal-isystem /usr/lib/llvm/15/bin/../../../../lib/clang/15.0.7/include -internal-isystem /usr/local/include -internal-isystem /usr/lib/gcc/x86_64-pc-linux-gnu/12/../../../../x86_64-pc-linux-gnu/include -internal-externc-isystem /include -internal-externc-isystem /usr/include -fdeprecated-macro -fdebug-compilation-dir=/home/meil/devel/linux/stomptalk-meta/stomptalk/build-threadutx/CMakeFiles/CMakeScratch/TryCompile-N9wAL3 -ferror-limit 19 -stack-protector 2 -fgnuc-version=4.2.1 -fcxx-exceptions -fexceptions -D__GCC_HAVE_DWARF2_CFI_ASM=1 -o CMakeFiles/cmTC_a8322.dir/CMakeCXXCompilerABI.cpp.o -x c++ /usr/share/cmake/Modules/CMakeCXXCompilerABI.cpp]
  ignore line: [clang -cc1 version 15.0.7 based upon LLVM 15.0.7 default target x86_64-pc-linux-gnu]
  ignore line: [ignoring nonexistent directory "/usr/lib/gcc/x86_64-pc-linux-gnu/12/../../../../x86_64-pc-linux-gnu/include"]
  ignore line: [ignoring nonexistent directory "/include"]
  ignore line: [#include "..." search starts here:]
  ignore line: [#include <...> search starts here:]
  ignore line: [ /usr/lib/gcc/x86_64-pc-linux-gnu/12/include/g++-v12]
  ignore line: [ /usr/lib/gcc/x86_64-pc-linux-gnu/12/include/g++-v12/x86_64-pc-linux-gnu]
  ignore line: [ /usr/lib/gcc/x86_64-pc-linux-gnu/12/include/g++-v12/backward]
  ignore line: [ /usr/lib/llvm/15/bin/../../../../lib/clang/15.0.7/include]
  ignore line: [ /usr/local/include]
  ignore line: [ /usr/include]
  ignore line: [End of search list.]
  ignore line: [[2/2] Linking CXX executable cmTC_a8322]
  ignore line: [clang version 15.0.7]
  ignore line: [Target: x86_64-pc-linux-gnu]
  ignore line: [Thread model: posix]
  ignore line: [InstalledDir: /usr/lib/llvm/15/bin]
  ignore line: [Configuration file: /etc/clang/clang++.cfg]
  ignore line: [System configuration file directory: /etc/clang]
  ignore line: [Selected GCC installation: /usr/lib/gcc/x86_64-pc-linux-gnu/12]
  ignore line: [Candidate multilib: .]
  ignore line: [@m64]
  ignore line: [Candidate multilib: 32]
  ignore line: [@m32]
  ignore line: [Selected multilib: .]
  ignore line: [@m64]
  link line: [ "/usr/bin/x86_64-pc-linux-gnu-ld.bfd" -pie --eh-frame-hdr -m elf_x86_64 -dynamic-linker /lib64/ld-linux-x86-64.so.2 -o cmTC_a8322 /usr/lib/gcc/x86_64-pc-linux-gnu/12/../../../../lib64/Scrt1.o /usr/lib/gcc/x86_64-pc-linux-gnu/12/../../../../lib64/crti.o /usr/lib/gcc/x86_64-pc-linux-gnu/12/crtbeginS.o -L/usr/lib/gcc/x86_64-pc-linux-gnu/12 -L/usr/lib/gcc/x86_64-pc-linux-gnu/12/../../../../lib64 -L/lib/../lib64 -L/usr/lib/../lib64 -L/usr/lib/gcc/x86_64-pc-linux-gnu/12/../../../../x86_64-pc-linux-gnu/lib -L/lib -L/usr/lib CMakeFiles/cmTC_a8322.dir/CMakeCXXCompilerABI.cpp.o -lstdc++ -lm -lgcc_s -lgcc -lc -lgcc_s -lgcc /usr/lib/gcc/x86_64-pc-linux-gnu/12/crtendS.o /usr/lib/gcc/x86_64-pc-linux-gnu/12/../../../../lib64/crtn.o]
    arg [/usr/bin/x86_64-pc-linux-gnu-ld.bfd] ==> ignore
    arg [-pie] ==> ignore
    arg [--eh-frame-hdr] ==> ignore
    arg [-m] ==> ignore
    arg [elf_x86_64] ==> ignore
    arg [-dynamic-linker] ==> ignore
    arg [/lib64/ld-linux-x86-64.so.2] ==> ignore
    arg [-o] ==> ignore
    arg [cmTC_a8322] ==> ignore
    arg [/usr/lib/gcc/x86_64-pc-linux-gnu/12/../../../../lib64/Scrt1.o] ==> obj [/usr/lib/gcc/x86_64-pc-linux-gnu/12/../../../../lib64/Scrt1.o]
    arg [/usr/lib/gcc/x86_64-pc-linux-gnu/12/../../../../lib64/crti.o] ==> obj [/usr/lib/gcc/x86_64-pc-linux-gnu/12/../../../../lib64/crti.o]
    arg [/usr/lib/gcc/x86_64-pc-linux-gnu/12/crtbeginS.o] ==> obj [/usr/lib/gcc/x86_64-pc-linux-gnu/12/crtbeginS.o]
    arg [-L/usr/lib/gcc/x86_64-pc-linux-gnu/12] ==> dir [/usr/lib/gcc/x86_64-pc-linux-gnu/12]
    arg [-L/usr/lib/gcc/x86_64-pc-linux-gnu/12/../../../../lib64] ==> dir [/usr/lib/gcc/x86_64-pc-linux-gnu/12/../../../../lib64]
    arg [-L/lib/../lib64] ==> dir [/lib/../lib64]
    arg [-L/usr/lib/../lib64] ==> dir [/usr/lib/../lib64]
    arg [-L/usr/lib/gcc/x86_64-pc-linux-gnu/12/../../../../x86_64-pc-linux-gnu/lib] ==> dir [/usr/lib/gcc/x86_64-pc-linux-gnu/12/../../../../x86_64-pc-linux-gnu/lib]
    arg [-L/lib] ==> dir [/lib]
    arg [-L/usr/lib] ==> dir [/usr/lib]
    arg [CMakeFiles/cmTC_a8322.dir/CMakeCXXCompilerABI.cpp.o] ==> ignore
    arg [-lstdc++] ==> lib [stdc++]
    arg [-lm] ==> lib [m]
    arg [-lgcc_s] ==> lib [gcc_s]
    arg [-lgcc] ==> lib [gcc]
    arg [-lc] ==> lib [c]
    arg [-lgcc_s] ==> lib [gcc_s]
    arg [-lgcc] ==> lib [gcc]
    arg [/usr/lib/gcc/x86_64-pc-linux-gnu/12/crtendS.o] ==> obj [/usr/lib/gcc/x86_64-pc-linux-gnu/12/crtendS.o]
    arg [/usr/lib/gcc/x86_64-pc-linux-gnu/12/../../../../lib64/crtn.o] ==> obj [/usr/lib/gcc/x86_64-pc-linux-gnu/12/../../../../lib64/crtn.o]
  collapse obj [/usr/lib/gcc/x86_64-pc-linux-gnu/12/../../../../lib64/Scrt1.o] ==> [/usr/lib64/Scrt1.o]
  collapse obj [/usr/lib/gcc/x86_64-pc-linux-gnu/12/../../../../lib64/crti.o] ==> [/usr/lib64/crti.o]
  collapse obj [/usr/lib/gcc/x86_64-pc-linux-gnu/12/../../../../lib64/crtn.o] ==> [/usr/lib64/crtn.o]
  collapse library dir [/usr/lib/gcc/x86_64-pc-linux-gnu/12] ==> [/usr/lib/gcc/x86_64-pc-linux-gnu/12]
  collapse library dir [/usr/lib/gcc/x86_64-pc-linux-gnu/12/../../../../lib64] ==> [/usr/lib64]
  collapse library dir [/lib/../lib64] ==> [/lib64]
  collapse library dir [/usr/lib/../lib64] ==> [/usr/lib64]
  collapse library dir [/usr/lib/gcc/x86_64-pc-linux-gnu/12/../../../../x86_64-pc-linux-gnu/lib] ==> [/usr/x86_64-pc-linux-gnu/lib]
  collapse library dir [/lib] ==> [/lib]
  collapse library dir [/usr/lib] ==> [/usr/lib]
  implicit libs: [stdc++;m;gcc_s;gcc;c;gcc_s;gcc]
  implicit objs: [/usr/lib64/Scrt1.o;/usr/lib64/crti.o;/usr/lib/gcc/x86_64-pc-linux-gnu/12/crtbeginS.o;/usr/lib/gcc/x86_64-pc-linux-gnu/12/crtendS.o;/usr/lib64/crtn.o]
  implicit dirs: [/usr/lib/gcc/x86_64-pc-linux-gnu/12;/usr/lib64;/lib64;/usr/x86_64-pc-linux-gnu/lib;/lib;/usr/lib]
  implicit fwks: []


