The system is: Linux - 5.5.15-aufs - x86_64
Compiling the C compiler identification source file "CMakeCCompilerId.c" succeeded.
Compiler: /usr/bin/cc 
Build flags: 
Id flags:  

The output was:
0


Compilation of the C compiler identification source "CMakeCCompilerId.c" produced "a.out"

The C compiler identification is GNU, found in "/home/meil/devel/stomptalk-meta/stomptalk/build/CMakeFiles/3.17.1/CompilerIdC/a.out"

Compiling the CXX compiler identification source file "CMakeCXXCompilerId.cpp" succeeded.
Compiler: /usr/bin/c++ 
Build flags: 
Id flags:  

The output was:
0


Compilation of the CXX compiler identification source "CMakeCXXCompilerId.cpp" produced "a.out"

The CXX compiler identification is GNU, found in "/home/meil/devel/stomptalk-meta/stomptalk/build/CMakeFiles/3.17.1/CompilerIdCXX/a.out"

Determining if the C compiler works passed with the following output:
Change Dir: /home/meil/devel/stomptalk-meta/stomptalk/build/CMakeFiles/CMakeTmp

Run Build Command(s):/usr/bin/gmake cmTC_b01ba/fast && /usr/bin/gmake  -f CMakeFiles/cmTC_b01ba.dir/build.make CMakeFiles/cmTC_b01ba.dir/build
gmake[1]: вход в каталог «/home/meil/devel/stomptalk-meta/stomptalk/build/CMakeFiles/CMakeTmp»
Building C object CMakeFiles/cmTC_b01ba.dir/testCCompiler.c.o
/usr/bin/cc    -o CMakeFiles/cmTC_b01ba.dir/testCCompiler.c.o   -c /home/meil/devel/stomptalk-meta/stomptalk/build/CMakeFiles/CMakeTmp/testCCompiler.c
Linking C executable cmTC_b01ba
/usr/bin/cmake -E cmake_link_script CMakeFiles/cmTC_b01ba.dir/link.txt --verbose=1
/usr/bin/cc      CMakeFiles/cmTC_b01ba.dir/testCCompiler.c.o  -o cmTC_b01ba 
gmake[1]: выход из каталога «/home/meil/devel/stomptalk-meta/stomptalk/build/CMakeFiles/CMakeTmp»



Detecting C compiler ABI info compiled with the following output:
Change Dir: /home/meil/devel/stomptalk-meta/stomptalk/build/CMakeFiles/CMakeTmp

Run Build Command(s):/usr/bin/gmake cmTC_9994a/fast && /usr/bin/gmake  -f CMakeFiles/cmTC_9994a.dir/build.make CMakeFiles/cmTC_9994a.dir/build
gmake[1]: Entering directory '/home/meil/devel/stomptalk-meta/stomptalk/build/CMakeFiles/CMakeTmp'
Building C object CMakeFiles/cmTC_9994a.dir/CMakeCCompilerABI.c.o
/usr/bin/cc   -v -o CMakeFiles/cmTC_9994a.dir/CMakeCCompilerABI.c.o   -c /usr/share/cmake/Modules/CMakeCCompilerABI.c
Using built-in specs.
COLLECT_GCC=/usr/bin/cc
Target: x86_64-pc-linux-gnu
Configured with: /var/portage/build/portage/sys-devel/gcc-9.2.0-r2/work/gcc-9.2.0/configure --host=x86_64-pc-linux-gnu --build=x86_64-pc-linux-gnu --prefix=/usr --bindir=/usr/x86_64-pc-linux-gnu/gcc-bin/9.2.0 --includedir=/usr/lib/gcc/x86_64-pc-linux-gnu/9.2.0/include --datadir=/usr/share/gcc-data/x86_64-pc-linux-gnu/9.2.0 --mandir=/usr/share/gcc-data/x86_64-pc-linux-gnu/9.2.0/man --infodir=/usr/share/gcc-data/x86_64-pc-linux-gnu/9.2.0/info --with-gxx-include-dir=/usr/lib/gcc/x86_64-pc-linux-gnu/9.2.0/include/g++-v9 --with-python-dir=/share/gcc-data/x86_64-pc-linux-gnu/9.2.0/python --enable-languages=c,c++,fortran --enable-obsolete --enable-secureplt --disable-werror --with-system-zlib --enable-nls --without-included-gettext --enable-checking=release --with-bugurl=https://bugs.gentoo.org/ --with-pkgversion='Gentoo 9.2.0-r2 p3' --disable-esp --enable-libstdcxx-time --enable-shared --enable-threads=posix --enable-__cxa_atexit --enable-clocale=gnu --disable-multilib --with-multilib-list=m64 --disable-altivec --disable-fixed-point --enable-targets=all --enable-libgomp --disable-libmudflap --disable-libssp --disable-libada --disable-systemtap --enable-vtable-verify --enable-lto --without-isl --enable-default-pie --enable-default-ssp
Thread model: posix
gcc version 9.2.0 (Gentoo 9.2.0-r2 p3) 
COLLECT_GCC_OPTIONS='-v' '-o' 'CMakeFiles/cmTC_9994a.dir/CMakeCCompilerABI.c.o' '-c' '-mtune=generic' '-march=x86-64'
 /usr/libexec/gcc/x86_64-pc-linux-gnu/9.2.0/cc1 -quiet -v /usr/share/cmake/Modules/CMakeCCompilerABI.c -quiet -dumpbase CMakeCCompilerABI.c -mtune=generic -march=x86-64 -auxbase-strip CMakeFiles/cmTC_9994a.dir/CMakeCCompilerABI.c.o -version -o /tmp/ccrHtWQZ.s
GNU C17 (Gentoo 9.2.0-r2 p3) version 9.2.0 (x86_64-pc-linux-gnu)
	compiled by GNU C version 9.2.0, GMP version 6.2.0, MPFR version 4.0.2, MPC version 1.1.0, isl version none
GGC heuristics: --param ggc-min-expand=100 --param ggc-min-heapsize=131072
ignoring nonexistent directory "/usr/lib/gcc/x86_64-pc-linux-gnu/9.2.0/../../../../x86_64-pc-linux-gnu/include"
#include "..." search starts here:
#include <...> search starts here:
 /usr/lib/gcc/x86_64-pc-linux-gnu/9.2.0/include
 /usr/local/include
 /usr/lib/gcc/x86_64-pc-linux-gnu/9.2.0/include-fixed
 /usr/include
End of search list.
GNU C17 (Gentoo 9.2.0-r2 p3) version 9.2.0 (x86_64-pc-linux-gnu)
	compiled by GNU C version 9.2.0, GMP version 6.2.0, MPFR version 4.0.2, MPC version 1.1.0, isl version none
GGC heuristics: --param ggc-min-expand=100 --param ggc-min-heapsize=131072
Compiler executable checksum: 5fb1c3e6b6a332f1495898165a985cca
COLLECT_GCC_OPTIONS='-v' '-o' 'CMakeFiles/cmTC_9994a.dir/CMakeCCompilerABI.c.o' '-c' '-mtune=generic' '-march=x86-64'
 /usr/lib/gcc/x86_64-pc-linux-gnu/9.2.0/../../../../x86_64-pc-linux-gnu/bin/as -v --64 -o CMakeFiles/cmTC_9994a.dir/CMakeCCompilerABI.c.o /tmp/ccrHtWQZ.s
GNU assembler version 2.33.1 (x86_64-pc-linux-gnu) using BFD version (Gentoo 2.33.1 p2) 2.33.1
COMPILER_PATH=/usr/libexec/gcc/x86_64-pc-linux-gnu/9.2.0/:/usr/libexec/gcc/x86_64-pc-linux-gnu/9.2.0/:/usr/libexec/gcc/x86_64-pc-linux-gnu/:/usr/lib/gcc/x86_64-pc-linux-gnu/9.2.0/:/usr/lib/gcc/x86_64-pc-linux-gnu/:/usr/lib/gcc/x86_64-pc-linux-gnu/9.2.0/../../../../x86_64-pc-linux-gnu/bin/
LIBRARY_PATH=/usr/lib/gcc/x86_64-pc-linux-gnu/9.2.0/:/usr/lib/gcc/x86_64-pc-linux-gnu/9.2.0/../../../../lib64/:/lib/../lib64/:/usr/lib/../lib64/:/usr/lib/gcc/x86_64-pc-linux-gnu/9.2.0/../../../../x86_64-pc-linux-gnu/lib/:/usr/lib/gcc/x86_64-pc-linux-gnu/9.2.0/../../../:/lib/:/usr/lib/
COLLECT_GCC_OPTIONS='-v' '-o' 'CMakeFiles/cmTC_9994a.dir/CMakeCCompilerABI.c.o' '-c' '-mtune=generic' '-march=x86-64'
Linking C executable cmTC_9994a
/usr/bin/cmake -E cmake_link_script CMakeFiles/cmTC_9994a.dir/link.txt --verbose=1
/usr/bin/cc     -v CMakeFiles/cmTC_9994a.dir/CMakeCCompilerABI.c.o  -o cmTC_9994a 
Using built-in specs.
COLLECT_GCC=/usr/bin/cc
COLLECT_LTO_WRAPPER=/usr/libexec/gcc/x86_64-pc-linux-gnu/9.2.0/lto-wrapper
Target: x86_64-pc-linux-gnu
Configured with: /var/portage/build/portage/sys-devel/gcc-9.2.0-r2/work/gcc-9.2.0/configure --host=x86_64-pc-linux-gnu --build=x86_64-pc-linux-gnu --prefix=/usr --bindir=/usr/x86_64-pc-linux-gnu/gcc-bin/9.2.0 --includedir=/usr/lib/gcc/x86_64-pc-linux-gnu/9.2.0/include --datadir=/usr/share/gcc-data/x86_64-pc-linux-gnu/9.2.0 --mandir=/usr/share/gcc-data/x86_64-pc-linux-gnu/9.2.0/man --infodir=/usr/share/gcc-data/x86_64-pc-linux-gnu/9.2.0/info --with-gxx-include-dir=/usr/lib/gcc/x86_64-pc-linux-gnu/9.2.0/include/g++-v9 --with-python-dir=/share/gcc-data/x86_64-pc-linux-gnu/9.2.0/python --enable-languages=c,c++,fortran --enable-obsolete --enable-secureplt --disable-werror --with-system-zlib --enable-nls --without-included-gettext --enable-checking=release --with-bugurl=https://bugs.gentoo.org/ --with-pkgversion='Gentoo 9.2.0-r2 p3' --disable-esp --enable-libstdcxx-time --enable-shared --enable-threads=posix --enable-__cxa_atexit --enable-clocale=gnu --disable-multilib --with-multilib-list=m64 --disable-altivec --disable-fixed-point --enable-targets=all --enable-libgomp --disable-libmudflap --disable-libssp --disable-libada --disable-systemtap --enable-vtable-verify --enable-lto --without-isl --enable-default-pie --enable-default-ssp
Thread model: posix
gcc version 9.2.0 (Gentoo 9.2.0-r2 p3) 
COMPILER_PATH=/usr/libexec/gcc/x86_64-pc-linux-gnu/9.2.0/:/usr/libexec/gcc/x86_64-pc-linux-gnu/9.2.0/:/usr/libexec/gcc/x86_64-pc-linux-gnu/:/usr/lib/gcc/x86_64-pc-linux-gnu/9.2.0/:/usr/lib/gcc/x86_64-pc-linux-gnu/:/usr/lib/gcc/x86_64-pc-linux-gnu/9.2.0/../../../../x86_64-pc-linux-gnu/bin/
LIBRARY_PATH=/usr/lib/gcc/x86_64-pc-linux-gnu/9.2.0/:/usr/lib/gcc/x86_64-pc-linux-gnu/9.2.0/../../../../lib64/:/lib/../lib64/:/usr/lib/../lib64/:/usr/lib/gcc/x86_64-pc-linux-gnu/9.2.0/../../../../x86_64-pc-linux-gnu/lib/:/usr/lib/gcc/x86_64-pc-linux-gnu/9.2.0/../../../:/lib/:/usr/lib/
COLLECT_GCC_OPTIONS='-v' '-o' 'cmTC_9994a' '-mtune=generic' '-march=x86-64'
 /usr/libexec/gcc/x86_64-pc-linux-gnu/9.2.0/collect2 -plugin /usr/libexec/gcc/x86_64-pc-linux-gnu/9.2.0/liblto_plugin.so -plugin-opt=/usr/libexec/gcc/x86_64-pc-linux-gnu/9.2.0/lto-wrapper -plugin-opt=-fresolution=/tmp/cccudGY1.res -plugin-opt=-pass-through=-lgcc -plugin-opt=-pass-through=-lgcc_s -plugin-opt=-pass-through=-lc -plugin-opt=-pass-through=-lgcc -plugin-opt=-pass-through=-lgcc_s --eh-frame-hdr -m elf_x86_64 -dynamic-linker /lib64/ld-linux-x86-64.so.2 -pie -o cmTC_9994a /usr/lib/gcc/x86_64-pc-linux-gnu/9.2.0/../../../../lib64/Scrt1.o /usr/lib/gcc/x86_64-pc-linux-gnu/9.2.0/../../../../lib64/crti.o /usr/lib/gcc/x86_64-pc-linux-gnu/9.2.0/crtbeginS.o -L/usr/lib/gcc/x86_64-pc-linux-gnu/9.2.0 -L/usr/lib/gcc/x86_64-pc-linux-gnu/9.2.0/../../../../lib64 -L/lib/../lib64 -L/usr/lib/../lib64 -L/usr/lib/gcc/x86_64-pc-linux-gnu/9.2.0/../../../../x86_64-pc-linux-gnu/lib -L/usr/lib/gcc/x86_64-pc-linux-gnu/9.2.0/../../.. CMakeFiles/cmTC_9994a.dir/CMakeCCompilerABI.c.o -lgcc --push-state --as-needed -lgcc_s --pop-state -lc -lgcc --push-state --as-needed -lgcc_s --pop-state /usr/lib/gcc/x86_64-pc-linux-gnu/9.2.0/crtendS.o /usr/lib/gcc/x86_64-pc-linux-gnu/9.2.0/../../../../lib64/crtn.o
COLLECT_GCC_OPTIONS='-v' '-o' 'cmTC_9994a' '-mtune=generic' '-march=x86-64'
gmake[1]: Leaving directory '/home/meil/devel/stomptalk-meta/stomptalk/build/CMakeFiles/CMakeTmp'



Parsed C implicit include dir info from above output: rv=done
  found start of include info
  found start of implicit include info
    add: [/usr/lib/gcc/x86_64-pc-linux-gnu/9.2.0/include]
    add: [/usr/local/include]
    add: [/usr/lib/gcc/x86_64-pc-linux-gnu/9.2.0/include-fixed]
    add: [/usr/include]
  end of search list found
  collapse include dir [/usr/lib/gcc/x86_64-pc-linux-gnu/9.2.0/include] ==> [/usr/lib/gcc/x86_64-pc-linux-gnu/9.2.0/include]
  collapse include dir [/usr/local/include] ==> [/usr/local/include]
  collapse include dir [/usr/lib/gcc/x86_64-pc-linux-gnu/9.2.0/include-fixed] ==> [/usr/lib/gcc/x86_64-pc-linux-gnu/9.2.0/include-fixed]
  collapse include dir [/usr/include] ==> [/usr/include]
  implicit include dirs: [/usr/lib/gcc/x86_64-pc-linux-gnu/9.2.0/include;/usr/local/include;/usr/lib/gcc/x86_64-pc-linux-gnu/9.2.0/include-fixed;/usr/include]


Parsed C implicit link information from above output:
  link line regex: [^( *|.*[/\])(ld|CMAKE_LINK_STARTFILE-NOTFOUND|([^/\]+-)?ld|collect2)[^/\]*( |$)]
  ignore line: [Change Dir: /home/meil/devel/stomptalk-meta/stomptalk/build/CMakeFiles/CMakeTmp]
  ignore line: []
  ignore line: [Run Build Command(s):/usr/bin/gmake cmTC_9994a/fast && /usr/bin/gmake  -f CMakeFiles/cmTC_9994a.dir/build.make CMakeFiles/cmTC_9994a.dir/build]
  ignore line: [gmake[1]: Entering directory '/home/meil/devel/stomptalk-meta/stomptalk/build/CMakeFiles/CMakeTmp']
  ignore line: [Building C object CMakeFiles/cmTC_9994a.dir/CMakeCCompilerABI.c.o]
  ignore line: [/usr/bin/cc   -v -o CMakeFiles/cmTC_9994a.dir/CMakeCCompilerABI.c.o   -c /usr/share/cmake/Modules/CMakeCCompilerABI.c]
  ignore line: [Using built-in specs.]
  ignore line: [COLLECT_GCC=/usr/bin/cc]
  ignore line: [Target: x86_64-pc-linux-gnu]
  ignore line: [Configured with: /var/portage/build/portage/sys-devel/gcc-9.2.0-r2/work/gcc-9.2.0/configure --host=x86_64-pc-linux-gnu --build=x86_64-pc-linux-gnu --prefix=/usr --bindir=/usr/x86_64-pc-linux-gnu/gcc-bin/9.2.0 --includedir=/usr/lib/gcc/x86_64-pc-linux-gnu/9.2.0/include --datadir=/usr/share/gcc-data/x86_64-pc-linux-gnu/9.2.0 --mandir=/usr/share/gcc-data/x86_64-pc-linux-gnu/9.2.0/man --infodir=/usr/share/gcc-data/x86_64-pc-linux-gnu/9.2.0/info --with-gxx-include-dir=/usr/lib/gcc/x86_64-pc-linux-gnu/9.2.0/include/g++-v9 --with-python-dir=/share/gcc-data/x86_64-pc-linux-gnu/9.2.0/python --enable-languages=c c++ fortran --enable-obsolete --enable-secureplt --disable-werror --with-system-zlib --enable-nls --without-included-gettext --enable-checking=release --with-bugurl=https://bugs.gentoo.org/ --with-pkgversion='Gentoo 9.2.0-r2 p3' --disable-esp --enable-libstdcxx-time --enable-shared --enable-threads=posix --enable-__cxa_atexit --enable-clocale=gnu --disable-multilib --with-multilib-list=m64 --disable-altivec --disable-fixed-point --enable-targets=all --enable-libgomp --disable-libmudflap --disable-libssp --disable-libada --disable-systemtap --enable-vtable-verify --enable-lto --without-isl --enable-default-pie --enable-default-ssp]
  ignore line: [Thread model: posix]
  ignore line: [gcc version 9.2.0 (Gentoo 9.2.0-r2 p3) ]
  ignore line: [COLLECT_GCC_OPTIONS='-v' '-o' 'CMakeFiles/cmTC_9994a.dir/CMakeCCompilerABI.c.o' '-c' '-mtune=generic' '-march=x86-64']
  ignore line: [ /usr/libexec/gcc/x86_64-pc-linux-gnu/9.2.0/cc1 -quiet -v /usr/share/cmake/Modules/CMakeCCompilerABI.c -quiet -dumpbase CMakeCCompilerABI.c -mtune=generic -march=x86-64 -auxbase-strip CMakeFiles/cmTC_9994a.dir/CMakeCCompilerABI.c.o -version -o /tmp/ccrHtWQZ.s]
  ignore line: [GNU C17 (Gentoo 9.2.0-r2 p3) version 9.2.0 (x86_64-pc-linux-gnu)]
  ignore line: [	compiled by GNU C version 9.2.0  GMP version 6.2.0  MPFR version 4.0.2  MPC version 1.1.0  isl version none]
  ignore line: [GGC heuristics: --param ggc-min-expand=100 --param ggc-min-heapsize=131072]
  ignore line: [ignoring nonexistent directory "/usr/lib/gcc/x86_64-pc-linux-gnu/9.2.0/../../../../x86_64-pc-linux-gnu/include"]
  ignore line: [#include "..." search starts here:]
  ignore line: [#include <...> search starts here:]
  ignore line: [ /usr/lib/gcc/x86_64-pc-linux-gnu/9.2.0/include]
  ignore line: [ /usr/local/include]
  ignore line: [ /usr/lib/gcc/x86_64-pc-linux-gnu/9.2.0/include-fixed]
  ignore line: [ /usr/include]
  ignore line: [End of search list.]
  ignore line: [GNU C17 (Gentoo 9.2.0-r2 p3) version 9.2.0 (x86_64-pc-linux-gnu)]
  ignore line: [	compiled by GNU C version 9.2.0  GMP version 6.2.0  MPFR version 4.0.2  MPC version 1.1.0  isl version none]
  ignore line: [GGC heuristics: --param ggc-min-expand=100 --param ggc-min-heapsize=131072]
  ignore line: [Compiler executable checksum: 5fb1c3e6b6a332f1495898165a985cca]
  ignore line: [COLLECT_GCC_OPTIONS='-v' '-o' 'CMakeFiles/cmTC_9994a.dir/CMakeCCompilerABI.c.o' '-c' '-mtune=generic' '-march=x86-64']
  ignore line: [ /usr/lib/gcc/x86_64-pc-linux-gnu/9.2.0/../../../../x86_64-pc-linux-gnu/bin/as -v --64 -o CMakeFiles/cmTC_9994a.dir/CMakeCCompilerABI.c.o /tmp/ccrHtWQZ.s]
  ignore line: [GNU assembler version 2.33.1 (x86_64-pc-linux-gnu) using BFD version (Gentoo 2.33.1 p2) 2.33.1]
  ignore line: [COMPILER_PATH=/usr/libexec/gcc/x86_64-pc-linux-gnu/9.2.0/:/usr/libexec/gcc/x86_64-pc-linux-gnu/9.2.0/:/usr/libexec/gcc/x86_64-pc-linux-gnu/:/usr/lib/gcc/x86_64-pc-linux-gnu/9.2.0/:/usr/lib/gcc/x86_64-pc-linux-gnu/:/usr/lib/gcc/x86_64-pc-linux-gnu/9.2.0/../../../../x86_64-pc-linux-gnu/bin/]
  ignore line: [LIBRARY_PATH=/usr/lib/gcc/x86_64-pc-linux-gnu/9.2.0/:/usr/lib/gcc/x86_64-pc-linux-gnu/9.2.0/../../../../lib64/:/lib/../lib64/:/usr/lib/../lib64/:/usr/lib/gcc/x86_64-pc-linux-gnu/9.2.0/../../../../x86_64-pc-linux-gnu/lib/:/usr/lib/gcc/x86_64-pc-linux-gnu/9.2.0/../../../:/lib/:/usr/lib/]
  ignore line: [COLLECT_GCC_OPTIONS='-v' '-o' 'CMakeFiles/cmTC_9994a.dir/CMakeCCompilerABI.c.o' '-c' '-mtune=generic' '-march=x86-64']
  ignore line: [Linking C executable cmTC_9994a]
  ignore line: [/usr/bin/cmake -E cmake_link_script CMakeFiles/cmTC_9994a.dir/link.txt --verbose=1]
  ignore line: [/usr/bin/cc     -v CMakeFiles/cmTC_9994a.dir/CMakeCCompilerABI.c.o  -o cmTC_9994a ]
  ignore line: [Using built-in specs.]
  ignore line: [COLLECT_GCC=/usr/bin/cc]
  ignore line: [COLLECT_LTO_WRAPPER=/usr/libexec/gcc/x86_64-pc-linux-gnu/9.2.0/lto-wrapper]
  ignore line: [Target: x86_64-pc-linux-gnu]
  ignore line: [Configured with: /var/portage/build/portage/sys-devel/gcc-9.2.0-r2/work/gcc-9.2.0/configure --host=x86_64-pc-linux-gnu --build=x86_64-pc-linux-gnu --prefix=/usr --bindir=/usr/x86_64-pc-linux-gnu/gcc-bin/9.2.0 --includedir=/usr/lib/gcc/x86_64-pc-linux-gnu/9.2.0/include --datadir=/usr/share/gcc-data/x86_64-pc-linux-gnu/9.2.0 --mandir=/usr/share/gcc-data/x86_64-pc-linux-gnu/9.2.0/man --infodir=/usr/share/gcc-data/x86_64-pc-linux-gnu/9.2.0/info --with-gxx-include-dir=/usr/lib/gcc/x86_64-pc-linux-gnu/9.2.0/include/g++-v9 --with-python-dir=/share/gcc-data/x86_64-pc-linux-gnu/9.2.0/python --enable-languages=c c++ fortran --enable-obsolete --enable-secureplt --disable-werror --with-system-zlib --enable-nls --without-included-gettext --enable-checking=release --with-bugurl=https://bugs.gentoo.org/ --with-pkgversion='Gentoo 9.2.0-r2 p3' --disable-esp --enable-libstdcxx-time --enable-shared --enable-threads=posix --enable-__cxa_atexit --enable-clocale=gnu --disable-multilib --with-multilib-list=m64 --disable-altivec --disable-fixed-point --enable-targets=all --enable-libgomp --disable-libmudflap --disable-libssp --disable-libada --disable-systemtap --enable-vtable-verify --enable-lto --without-isl --enable-default-pie --enable-default-ssp]
  ignore line: [Thread model: posix]
  ignore line: [gcc version 9.2.0 (Gentoo 9.2.0-r2 p3) ]
  ignore line: [COMPILER_PATH=/usr/libexec/gcc/x86_64-pc-linux-gnu/9.2.0/:/usr/libexec/gcc/x86_64-pc-linux-gnu/9.2.0/:/usr/libexec/gcc/x86_64-pc-linux-gnu/:/usr/lib/gcc/x86_64-pc-linux-gnu/9.2.0/:/usr/lib/gcc/x86_64-pc-linux-gnu/:/usr/lib/gcc/x86_64-pc-linux-gnu/9.2.0/../../../../x86_64-pc-linux-gnu/bin/]
  ignore line: [LIBRARY_PATH=/usr/lib/gcc/x86_64-pc-linux-gnu/9.2.0/:/usr/lib/gcc/x86_64-pc-linux-gnu/9.2.0/../../../../lib64/:/lib/../lib64/:/usr/lib/../lib64/:/usr/lib/gcc/x86_64-pc-linux-gnu/9.2.0/../../../../x86_64-pc-linux-gnu/lib/:/usr/lib/gcc/x86_64-pc-linux-gnu/9.2.0/../../../:/lib/:/usr/lib/]
  ignore line: [COLLECT_GCC_OPTIONS='-v' '-o' 'cmTC_9994a' '-mtune=generic' '-march=x86-64']
  link line: [ /usr/libexec/gcc/x86_64-pc-linux-gnu/9.2.0/collect2 -plugin /usr/libexec/gcc/x86_64-pc-linux-gnu/9.2.0/liblto_plugin.so -plugin-opt=/usr/libexec/gcc/x86_64-pc-linux-gnu/9.2.0/lto-wrapper -plugin-opt=-fresolution=/tmp/cccudGY1.res -plugin-opt=-pass-through=-lgcc -plugin-opt=-pass-through=-lgcc_s -plugin-opt=-pass-through=-lc -plugin-opt=-pass-through=-lgcc -plugin-opt=-pass-through=-lgcc_s --eh-frame-hdr -m elf_x86_64 -dynamic-linker /lib64/ld-linux-x86-64.so.2 -pie -o cmTC_9994a /usr/lib/gcc/x86_64-pc-linux-gnu/9.2.0/../../../../lib64/Scrt1.o /usr/lib/gcc/x86_64-pc-linux-gnu/9.2.0/../../../../lib64/crti.o /usr/lib/gcc/x86_64-pc-linux-gnu/9.2.0/crtbeginS.o -L/usr/lib/gcc/x86_64-pc-linux-gnu/9.2.0 -L/usr/lib/gcc/x86_64-pc-linux-gnu/9.2.0/../../../../lib64 -L/lib/../lib64 -L/usr/lib/../lib64 -L/usr/lib/gcc/x86_64-pc-linux-gnu/9.2.0/../../../../x86_64-pc-linux-gnu/lib -L/usr/lib/gcc/x86_64-pc-linux-gnu/9.2.0/../../.. CMakeFiles/cmTC_9994a.dir/CMakeCCompilerABI.c.o -lgcc --push-state --as-needed -lgcc_s --pop-state -lc -lgcc --push-state --as-needed -lgcc_s --pop-state /usr/lib/gcc/x86_64-pc-linux-gnu/9.2.0/crtendS.o /usr/lib/gcc/x86_64-pc-linux-gnu/9.2.0/../../../../lib64/crtn.o]
    arg [/usr/libexec/gcc/x86_64-pc-linux-gnu/9.2.0/collect2] ==> ignore
    arg [-plugin] ==> ignore
    arg [/usr/libexec/gcc/x86_64-pc-linux-gnu/9.2.0/liblto_plugin.so] ==> ignore
    arg [-plugin-opt=/usr/libexec/gcc/x86_64-pc-linux-gnu/9.2.0/lto-wrapper] ==> ignore
    arg [-plugin-opt=-fresolution=/tmp/cccudGY1.res] ==> ignore
    arg [-plugin-opt=-pass-through=-lgcc] ==> ignore
    arg [-plugin-opt=-pass-through=-lgcc_s] ==> ignore
    arg [-plugin-opt=-pass-through=-lc] ==> ignore
    arg [-plugin-opt=-pass-through=-lgcc] ==> ignore
    arg [-plugin-opt=-pass-through=-lgcc_s] ==> ignore
    arg [--eh-frame-hdr] ==> ignore
    arg [-m] ==> ignore
    arg [elf_x86_64] ==> ignore
    arg [-dynamic-linker] ==> ignore
    arg [/lib64/ld-linux-x86-64.so.2] ==> ignore
    arg [-pie] ==> ignore
    arg [-o] ==> ignore
    arg [cmTC_9994a] ==> ignore
    arg [/usr/lib/gcc/x86_64-pc-linux-gnu/9.2.0/../../../../lib64/Scrt1.o] ==> ignore
    arg [/usr/lib/gcc/x86_64-pc-linux-gnu/9.2.0/../../../../lib64/crti.o] ==> ignore
    arg [/usr/lib/gcc/x86_64-pc-linux-gnu/9.2.0/crtbeginS.o] ==> ignore
    arg [-L/usr/lib/gcc/x86_64-pc-linux-gnu/9.2.0] ==> dir [/usr/lib/gcc/x86_64-pc-linux-gnu/9.2.0]
    arg [-L/usr/lib/gcc/x86_64-pc-linux-gnu/9.2.0/../../../../lib64] ==> dir [/usr/lib/gcc/x86_64-pc-linux-gnu/9.2.0/../../../../lib64]
    arg [-L/lib/../lib64] ==> dir [/lib/../lib64]
    arg [-L/usr/lib/../lib64] ==> dir [/usr/lib/../lib64]
    arg [-L/usr/lib/gcc/x86_64-pc-linux-gnu/9.2.0/../../../../x86_64-pc-linux-gnu/lib] ==> dir [/usr/lib/gcc/x86_64-pc-linux-gnu/9.2.0/../../../../x86_64-pc-linux-gnu/lib]
    arg [-L/usr/lib/gcc/x86_64-pc-linux-gnu/9.2.0/../../..] ==> dir [/usr/lib/gcc/x86_64-pc-linux-gnu/9.2.0/../../..]
    arg [CMakeFiles/cmTC_9994a.dir/CMakeCCompilerABI.c.o] ==> ignore
    arg [-lgcc] ==> lib [gcc]
    arg [--push-state] ==> ignore
    arg [--as-needed] ==> ignore
    arg [-lgcc_s] ==> lib [gcc_s]
    arg [--pop-state] ==> ignore
    arg [-lc] ==> lib [c]
    arg [-lgcc] ==> lib [gcc]
    arg [--push-state] ==> ignore
    arg [--as-needed] ==> ignore
    arg [-lgcc_s] ==> lib [gcc_s]
    arg [--pop-state] ==> ignore
    arg [/usr/lib/gcc/x86_64-pc-linux-gnu/9.2.0/crtendS.o] ==> ignore
    arg [/usr/lib/gcc/x86_64-pc-linux-gnu/9.2.0/../../../../lib64/crtn.o] ==> ignore
  collapse library dir [/usr/lib/gcc/x86_64-pc-linux-gnu/9.2.0] ==> [/usr/lib/gcc/x86_64-pc-linux-gnu/9.2.0]
  collapse library dir [/usr/lib/gcc/x86_64-pc-linux-gnu/9.2.0/../../../../lib64] ==> [/usr/lib64]
  collapse library dir [/lib/../lib64] ==> [/lib64]
  collapse library dir [/usr/lib/../lib64] ==> [/usr/lib64]
  collapse library dir [/usr/lib/gcc/x86_64-pc-linux-gnu/9.2.0/../../../../x86_64-pc-linux-gnu/lib] ==> [/usr/x86_64-pc-linux-gnu/lib]
  collapse library dir [/usr/lib/gcc/x86_64-pc-linux-gnu/9.2.0/../../..] ==> [/usr/lib]
  implicit libs: [gcc;gcc_s;c;gcc;gcc_s]
  implicit dirs: [/usr/lib/gcc/x86_64-pc-linux-gnu/9.2.0;/usr/lib64;/lib64;/usr/x86_64-pc-linux-gnu/lib;/usr/lib]
  implicit fwks: []


Determining if the CXX compiler works passed with the following output:
Change Dir: /home/meil/devel/stomptalk-meta/stomptalk/build/CMakeFiles/CMakeTmp

Run Build Command(s):/usr/bin/gmake cmTC_81167/fast && /usr/bin/gmake  -f CMakeFiles/cmTC_81167.dir/build.make CMakeFiles/cmTC_81167.dir/build
gmake[1]: вход в каталог «/home/meil/devel/stomptalk-meta/stomptalk/build/CMakeFiles/CMakeTmp»
Building CXX object CMakeFiles/cmTC_81167.dir/testCXXCompiler.cxx.o
/usr/bin/c++     -o CMakeFiles/cmTC_81167.dir/testCXXCompiler.cxx.o -c /home/meil/devel/stomptalk-meta/stomptalk/build/CMakeFiles/CMakeTmp/testCXXCompiler.cxx
Linking CXX executable cmTC_81167
/usr/bin/cmake -E cmake_link_script CMakeFiles/cmTC_81167.dir/link.txt --verbose=1
/usr/bin/c++       CMakeFiles/cmTC_81167.dir/testCXXCompiler.cxx.o  -o cmTC_81167 
gmake[1]: выход из каталога «/home/meil/devel/stomptalk-meta/stomptalk/build/CMakeFiles/CMakeTmp»



Detecting CXX compiler ABI info compiled with the following output:
Change Dir: /home/meil/devel/stomptalk-meta/stomptalk/build/CMakeFiles/CMakeTmp

Run Build Command(s):/usr/bin/gmake cmTC_2a2ff/fast && /usr/bin/gmake  -f CMakeFiles/cmTC_2a2ff.dir/build.make CMakeFiles/cmTC_2a2ff.dir/build
gmake[1]: Entering directory '/home/meil/devel/stomptalk-meta/stomptalk/build/CMakeFiles/CMakeTmp'
Building CXX object CMakeFiles/cmTC_2a2ff.dir/CMakeCXXCompilerABI.cpp.o
/usr/bin/c++    -v -o CMakeFiles/cmTC_2a2ff.dir/CMakeCXXCompilerABI.cpp.o -c /usr/share/cmake/Modules/CMakeCXXCompilerABI.cpp
Using built-in specs.
COLLECT_GCC=/usr/bin/c++
Target: x86_64-pc-linux-gnu
Configured with: /var/portage/build/portage/sys-devel/gcc-9.2.0-r2/work/gcc-9.2.0/configure --host=x86_64-pc-linux-gnu --build=x86_64-pc-linux-gnu --prefix=/usr --bindir=/usr/x86_64-pc-linux-gnu/gcc-bin/9.2.0 --includedir=/usr/lib/gcc/x86_64-pc-linux-gnu/9.2.0/include --datadir=/usr/share/gcc-data/x86_64-pc-linux-gnu/9.2.0 --mandir=/usr/share/gcc-data/x86_64-pc-linux-gnu/9.2.0/man --infodir=/usr/share/gcc-data/x86_64-pc-linux-gnu/9.2.0/info --with-gxx-include-dir=/usr/lib/gcc/x86_64-pc-linux-gnu/9.2.0/include/g++-v9 --with-python-dir=/share/gcc-data/x86_64-pc-linux-gnu/9.2.0/python --enable-languages=c,c++,fortran --enable-obsolete --enable-secureplt --disable-werror --with-system-zlib --enable-nls --without-included-gettext --enable-checking=release --with-bugurl=https://bugs.gentoo.org/ --with-pkgversion='Gentoo 9.2.0-r2 p3' --disable-esp --enable-libstdcxx-time --enable-shared --enable-threads=posix --enable-__cxa_atexit --enable-clocale=gnu --disable-multilib --with-multilib-list=m64 --disable-altivec --disable-fixed-point --enable-targets=all --enable-libgomp --disable-libmudflap --disable-libssp --disable-libada --disable-systemtap --enable-vtable-verify --enable-lto --without-isl --enable-default-pie --enable-default-ssp
Thread model: posix
gcc version 9.2.0 (Gentoo 9.2.0-r2 p3) 
COLLECT_GCC_OPTIONS='-v' '-o' 'CMakeFiles/cmTC_2a2ff.dir/CMakeCXXCompilerABI.cpp.o' '-c' '-shared-libgcc' '-mtune=generic' '-march=x86-64'
 /usr/libexec/gcc/x86_64-pc-linux-gnu/9.2.0/cc1plus -quiet -v -D_GNU_SOURCE /usr/share/cmake/Modules/CMakeCXXCompilerABI.cpp -quiet -dumpbase CMakeCXXCompilerABI.cpp -mtune=generic -march=x86-64 -auxbase-strip CMakeFiles/cmTC_2a2ff.dir/CMakeCXXCompilerABI.cpp.o -version -o /tmp/ccS8cJvi.s
GNU C++14 (Gentoo 9.2.0-r2 p3) version 9.2.0 (x86_64-pc-linux-gnu)
	compiled by GNU C version 9.2.0, GMP version 6.2.0, MPFR version 4.0.2, MPC version 1.1.0, isl version none
GGC heuristics: --param ggc-min-expand=100 --param ggc-min-heapsize=131072
ignoring nonexistent directory "/usr/lib/gcc/x86_64-pc-linux-gnu/9.2.0/../../../../x86_64-pc-linux-gnu/include"
#include "..." search starts here:
#include <...> search starts here:
 /usr/lib/gcc/x86_64-pc-linux-gnu/9.2.0/include/g++-v9
 /usr/lib/gcc/x86_64-pc-linux-gnu/9.2.0/include/g++-v9/x86_64-pc-linux-gnu
 /usr/lib/gcc/x86_64-pc-linux-gnu/9.2.0/include/g++-v9/backward
 /usr/lib/gcc/x86_64-pc-linux-gnu/9.2.0/include
 /usr/local/include
 /usr/lib/gcc/x86_64-pc-linux-gnu/9.2.0/include-fixed
 /usr/include
End of search list.
GNU C++14 (Gentoo 9.2.0-r2 p3) version 9.2.0 (x86_64-pc-linux-gnu)
	compiled by GNU C version 9.2.0, GMP version 6.2.0, MPFR version 4.0.2, MPC version 1.1.0, isl version none
GGC heuristics: --param ggc-min-expand=100 --param ggc-min-heapsize=131072
Compiler executable checksum: 24bd240643a388428a2938f6c2dfda2a
COLLECT_GCC_OPTIONS='-v' '-o' 'CMakeFiles/cmTC_2a2ff.dir/CMakeCXXCompilerABI.cpp.o' '-c' '-shared-libgcc' '-mtune=generic' '-march=x86-64'
 /usr/lib/gcc/x86_64-pc-linux-gnu/9.2.0/../../../../x86_64-pc-linux-gnu/bin/as -v --64 -o CMakeFiles/cmTC_2a2ff.dir/CMakeCXXCompilerABI.cpp.o /tmp/ccS8cJvi.s
GNU assembler version 2.33.1 (x86_64-pc-linux-gnu) using BFD version (Gentoo 2.33.1 p2) 2.33.1
COMPILER_PATH=/usr/libexec/gcc/x86_64-pc-linux-gnu/9.2.0/:/usr/libexec/gcc/x86_64-pc-linux-gnu/9.2.0/:/usr/libexec/gcc/x86_64-pc-linux-gnu/:/usr/lib/gcc/x86_64-pc-linux-gnu/9.2.0/:/usr/lib/gcc/x86_64-pc-linux-gnu/:/usr/lib/gcc/x86_64-pc-linux-gnu/9.2.0/../../../../x86_64-pc-linux-gnu/bin/
LIBRARY_PATH=/usr/lib/gcc/x86_64-pc-linux-gnu/9.2.0/:/usr/lib/gcc/x86_64-pc-linux-gnu/9.2.0/../../../../lib64/:/lib/../lib64/:/usr/lib/../lib64/:/usr/lib/gcc/x86_64-pc-linux-gnu/9.2.0/../../../../x86_64-pc-linux-gnu/lib/:/usr/lib/gcc/x86_64-pc-linux-gnu/9.2.0/../../../:/lib/:/usr/lib/
COLLECT_GCC_OPTIONS='-v' '-o' 'CMakeFiles/cmTC_2a2ff.dir/CMakeCXXCompilerABI.cpp.o' '-c' '-shared-libgcc' '-mtune=generic' '-march=x86-64'
Linking CXX executable cmTC_2a2ff
/usr/bin/cmake -E cmake_link_script CMakeFiles/cmTC_2a2ff.dir/link.txt --verbose=1
/usr/bin/c++      -v CMakeFiles/cmTC_2a2ff.dir/CMakeCXXCompilerABI.cpp.o  -o cmTC_2a2ff 
Using built-in specs.
COLLECT_GCC=/usr/bin/c++
COLLECT_LTO_WRAPPER=/usr/libexec/gcc/x86_64-pc-linux-gnu/9.2.0/lto-wrapper
Target: x86_64-pc-linux-gnu
Configured with: /var/portage/build/portage/sys-devel/gcc-9.2.0-r2/work/gcc-9.2.0/configure --host=x86_64-pc-linux-gnu --build=x86_64-pc-linux-gnu --prefix=/usr --bindir=/usr/x86_64-pc-linux-gnu/gcc-bin/9.2.0 --includedir=/usr/lib/gcc/x86_64-pc-linux-gnu/9.2.0/include --datadir=/usr/share/gcc-data/x86_64-pc-linux-gnu/9.2.0 --mandir=/usr/share/gcc-data/x86_64-pc-linux-gnu/9.2.0/man --infodir=/usr/share/gcc-data/x86_64-pc-linux-gnu/9.2.0/info --with-gxx-include-dir=/usr/lib/gcc/x86_64-pc-linux-gnu/9.2.0/include/g++-v9 --with-python-dir=/share/gcc-data/x86_64-pc-linux-gnu/9.2.0/python --enable-languages=c,c++,fortran --enable-obsolete --enable-secureplt --disable-werror --with-system-zlib --enable-nls --without-included-gettext --enable-checking=release --with-bugurl=https://bugs.gentoo.org/ --with-pkgversion='Gentoo 9.2.0-r2 p3' --disable-esp --enable-libstdcxx-time --enable-shared --enable-threads=posix --enable-__cxa_atexit --enable-clocale=gnu --disable-multilib --with-multilib-list=m64 --disable-altivec --disable-fixed-point --enable-targets=all --enable-libgomp --disable-libmudflap --disable-libssp --disable-libada --disable-systemtap --enable-vtable-verify --enable-lto --without-isl --enable-default-pie --enable-default-ssp
Thread model: posix
gcc version 9.2.0 (Gentoo 9.2.0-r2 p3) 
COMPILER_PATH=/usr/libexec/gcc/x86_64-pc-linux-gnu/9.2.0/:/usr/libexec/gcc/x86_64-pc-linux-gnu/9.2.0/:/usr/libexec/gcc/x86_64-pc-linux-gnu/:/usr/lib/gcc/x86_64-pc-linux-gnu/9.2.0/:/usr/lib/gcc/x86_64-pc-linux-gnu/:/usr/lib/gcc/x86_64-pc-linux-gnu/9.2.0/../../../../x86_64-pc-linux-gnu/bin/
LIBRARY_PATH=/usr/lib/gcc/x86_64-pc-linux-gnu/9.2.0/:/usr/lib/gcc/x86_64-pc-linux-gnu/9.2.0/../../../../lib64/:/lib/../lib64/:/usr/lib/../lib64/:/usr/lib/gcc/x86_64-pc-linux-gnu/9.2.0/../../../../x86_64-pc-linux-gnu/lib/:/usr/lib/gcc/x86_64-pc-linux-gnu/9.2.0/../../../:/lib/:/usr/lib/
COLLECT_GCC_OPTIONS='-v' '-o' 'cmTC_2a2ff' '-shared-libgcc' '-mtune=generic' '-march=x86-64'
 /usr/libexec/gcc/x86_64-pc-linux-gnu/9.2.0/collect2 -plugin /usr/libexec/gcc/x86_64-pc-linux-gnu/9.2.0/liblto_plugin.so -plugin-opt=/usr/libexec/gcc/x86_64-pc-linux-gnu/9.2.0/lto-wrapper -plugin-opt=-fresolution=/tmp/ccuwdBNk.res -plugin-opt=-pass-through=-lgcc_s -plugin-opt=-pass-through=-lgcc -plugin-opt=-pass-through=-lc -plugin-opt=-pass-through=-lgcc_s -plugin-opt=-pass-through=-lgcc --eh-frame-hdr -m elf_x86_64 -dynamic-linker /lib64/ld-linux-x86-64.so.2 -pie -o cmTC_2a2ff /usr/lib/gcc/x86_64-pc-linux-gnu/9.2.0/../../../../lib64/Scrt1.o /usr/lib/gcc/x86_64-pc-linux-gnu/9.2.0/../../../../lib64/crti.o /usr/lib/gcc/x86_64-pc-linux-gnu/9.2.0/crtbeginS.o -L/usr/lib/gcc/x86_64-pc-linux-gnu/9.2.0 -L/usr/lib/gcc/x86_64-pc-linux-gnu/9.2.0/../../../../lib64 -L/lib/../lib64 -L/usr/lib/../lib64 -L/usr/lib/gcc/x86_64-pc-linux-gnu/9.2.0/../../../../x86_64-pc-linux-gnu/lib -L/usr/lib/gcc/x86_64-pc-linux-gnu/9.2.0/../../.. CMakeFiles/cmTC_2a2ff.dir/CMakeCXXCompilerABI.cpp.o -lstdc++ -lm -lgcc_s -lgcc -lc -lgcc_s -lgcc /usr/lib/gcc/x86_64-pc-linux-gnu/9.2.0/crtendS.o /usr/lib/gcc/x86_64-pc-linux-gnu/9.2.0/../../../../lib64/crtn.o
COLLECT_GCC_OPTIONS='-v' '-o' 'cmTC_2a2ff' '-shared-libgcc' '-mtune=generic' '-march=x86-64'
gmake[1]: Leaving directory '/home/meil/devel/stomptalk-meta/stomptalk/build/CMakeFiles/CMakeTmp'



Parsed CXX implicit include dir info from above output: rv=done
  found start of include info
  found start of implicit include info
    add: [/usr/lib/gcc/x86_64-pc-linux-gnu/9.2.0/include/g++-v9]
    add: [/usr/lib/gcc/x86_64-pc-linux-gnu/9.2.0/include/g++-v9/x86_64-pc-linux-gnu]
    add: [/usr/lib/gcc/x86_64-pc-linux-gnu/9.2.0/include/g++-v9/backward]
    add: [/usr/lib/gcc/x86_64-pc-linux-gnu/9.2.0/include]
    add: [/usr/local/include]
    add: [/usr/lib/gcc/x86_64-pc-linux-gnu/9.2.0/include-fixed]
    add: [/usr/include]
  end of search list found
  collapse include dir [/usr/lib/gcc/x86_64-pc-linux-gnu/9.2.0/include/g++-v9] ==> [/usr/lib/gcc/x86_64-pc-linux-gnu/9.2.0/include/g++-v9]
  collapse include dir [/usr/lib/gcc/x86_64-pc-linux-gnu/9.2.0/include/g++-v9/x86_64-pc-linux-gnu] ==> [/usr/lib/gcc/x86_64-pc-linux-gnu/9.2.0/include/g++-v9/x86_64-pc-linux-gnu]
  collapse include dir [/usr/lib/gcc/x86_64-pc-linux-gnu/9.2.0/include/g++-v9/backward] ==> [/usr/lib/gcc/x86_64-pc-linux-gnu/9.2.0/include/g++-v9/backward]
  collapse include dir [/usr/lib/gcc/x86_64-pc-linux-gnu/9.2.0/include] ==> [/usr/lib/gcc/x86_64-pc-linux-gnu/9.2.0/include]
  collapse include dir [/usr/local/include] ==> [/usr/local/include]
  collapse include dir [/usr/lib/gcc/x86_64-pc-linux-gnu/9.2.0/include-fixed] ==> [/usr/lib/gcc/x86_64-pc-linux-gnu/9.2.0/include-fixed]
  collapse include dir [/usr/include] ==> [/usr/include]
  implicit include dirs: [/usr/lib/gcc/x86_64-pc-linux-gnu/9.2.0/include/g++-v9;/usr/lib/gcc/x86_64-pc-linux-gnu/9.2.0/include/g++-v9/x86_64-pc-linux-gnu;/usr/lib/gcc/x86_64-pc-linux-gnu/9.2.0/include/g++-v9/backward;/usr/lib/gcc/x86_64-pc-linux-gnu/9.2.0/include;/usr/local/include;/usr/lib/gcc/x86_64-pc-linux-gnu/9.2.0/include-fixed;/usr/include]


Parsed CXX implicit link information from above output:
  link line regex: [^( *|.*[/\])(ld|CMAKE_LINK_STARTFILE-NOTFOUND|([^/\]+-)?ld|collect2)[^/\]*( |$)]
  ignore line: [Change Dir: /home/meil/devel/stomptalk-meta/stomptalk/build/CMakeFiles/CMakeTmp]
  ignore line: []
  ignore line: [Run Build Command(s):/usr/bin/gmake cmTC_2a2ff/fast && /usr/bin/gmake  -f CMakeFiles/cmTC_2a2ff.dir/build.make CMakeFiles/cmTC_2a2ff.dir/build]
  ignore line: [gmake[1]: Entering directory '/home/meil/devel/stomptalk-meta/stomptalk/build/CMakeFiles/CMakeTmp']
  ignore line: [Building CXX object CMakeFiles/cmTC_2a2ff.dir/CMakeCXXCompilerABI.cpp.o]
  ignore line: [/usr/bin/c++    -v -o CMakeFiles/cmTC_2a2ff.dir/CMakeCXXCompilerABI.cpp.o -c /usr/share/cmake/Modules/CMakeCXXCompilerABI.cpp]
  ignore line: [Using built-in specs.]
  ignore line: [COLLECT_GCC=/usr/bin/c++]
  ignore line: [Target: x86_64-pc-linux-gnu]
  ignore line: [Configured with: /var/portage/build/portage/sys-devel/gcc-9.2.0-r2/work/gcc-9.2.0/configure --host=x86_64-pc-linux-gnu --build=x86_64-pc-linux-gnu --prefix=/usr --bindir=/usr/x86_64-pc-linux-gnu/gcc-bin/9.2.0 --includedir=/usr/lib/gcc/x86_64-pc-linux-gnu/9.2.0/include --datadir=/usr/share/gcc-data/x86_64-pc-linux-gnu/9.2.0 --mandir=/usr/share/gcc-data/x86_64-pc-linux-gnu/9.2.0/man --infodir=/usr/share/gcc-data/x86_64-pc-linux-gnu/9.2.0/info --with-gxx-include-dir=/usr/lib/gcc/x86_64-pc-linux-gnu/9.2.0/include/g++-v9 --with-python-dir=/share/gcc-data/x86_64-pc-linux-gnu/9.2.0/python --enable-languages=c c++ fortran --enable-obsolete --enable-secureplt --disable-werror --with-system-zlib --enable-nls --without-included-gettext --enable-checking=release --with-bugurl=https://bugs.gentoo.org/ --with-pkgversion='Gentoo 9.2.0-r2 p3' --disable-esp --enable-libstdcxx-time --enable-shared --enable-threads=posix --enable-__cxa_atexit --enable-clocale=gnu --disable-multilib --with-multilib-list=m64 --disable-altivec --disable-fixed-point --enable-targets=all --enable-libgomp --disable-libmudflap --disable-libssp --disable-libada --disable-systemtap --enable-vtable-verify --enable-lto --without-isl --enable-default-pie --enable-default-ssp]
  ignore line: [Thread model: posix]
  ignore line: [gcc version 9.2.0 (Gentoo 9.2.0-r2 p3) ]
  ignore line: [COLLECT_GCC_OPTIONS='-v' '-o' 'CMakeFiles/cmTC_2a2ff.dir/CMakeCXXCompilerABI.cpp.o' '-c' '-shared-libgcc' '-mtune=generic' '-march=x86-64']
  ignore line: [ /usr/libexec/gcc/x86_64-pc-linux-gnu/9.2.0/cc1plus -quiet -v -D_GNU_SOURCE /usr/share/cmake/Modules/CMakeCXXCompilerABI.cpp -quiet -dumpbase CMakeCXXCompilerABI.cpp -mtune=generic -march=x86-64 -auxbase-strip CMakeFiles/cmTC_2a2ff.dir/CMakeCXXCompilerABI.cpp.o -version -o /tmp/ccS8cJvi.s]
  ignore line: [GNU C++14 (Gentoo 9.2.0-r2 p3) version 9.2.0 (x86_64-pc-linux-gnu)]
  ignore line: [	compiled by GNU C version 9.2.0  GMP version 6.2.0  MPFR version 4.0.2  MPC version 1.1.0  isl version none]
  ignore line: [GGC heuristics: --param ggc-min-expand=100 --param ggc-min-heapsize=131072]
  ignore line: [ignoring nonexistent directory "/usr/lib/gcc/x86_64-pc-linux-gnu/9.2.0/../../../../x86_64-pc-linux-gnu/include"]
  ignore line: [#include "..." search starts here:]
  ignore line: [#include <...> search starts here:]
  ignore line: [ /usr/lib/gcc/x86_64-pc-linux-gnu/9.2.0/include/g++-v9]
  ignore line: [ /usr/lib/gcc/x86_64-pc-linux-gnu/9.2.0/include/g++-v9/x86_64-pc-linux-gnu]
  ignore line: [ /usr/lib/gcc/x86_64-pc-linux-gnu/9.2.0/include/g++-v9/backward]
  ignore line: [ /usr/lib/gcc/x86_64-pc-linux-gnu/9.2.0/include]
  ignore line: [ /usr/local/include]
  ignore line: [ /usr/lib/gcc/x86_64-pc-linux-gnu/9.2.0/include-fixed]
  ignore line: [ /usr/include]
  ignore line: [End of search list.]
  ignore line: [GNU C++14 (Gentoo 9.2.0-r2 p3) version 9.2.0 (x86_64-pc-linux-gnu)]
  ignore line: [	compiled by GNU C version 9.2.0  GMP version 6.2.0  MPFR version 4.0.2  MPC version 1.1.0  isl version none]
  ignore line: [GGC heuristics: --param ggc-min-expand=100 --param ggc-min-heapsize=131072]
  ignore line: [Compiler executable checksum: 24bd240643a388428a2938f6c2dfda2a]
  ignore line: [COLLECT_GCC_OPTIONS='-v' '-o' 'CMakeFiles/cmTC_2a2ff.dir/CMakeCXXCompilerABI.cpp.o' '-c' '-shared-libgcc' '-mtune=generic' '-march=x86-64']
  ignore line: [ /usr/lib/gcc/x86_64-pc-linux-gnu/9.2.0/../../../../x86_64-pc-linux-gnu/bin/as -v --64 -o CMakeFiles/cmTC_2a2ff.dir/CMakeCXXCompilerABI.cpp.o /tmp/ccS8cJvi.s]
  ignore line: [GNU assembler version 2.33.1 (x86_64-pc-linux-gnu) using BFD version (Gentoo 2.33.1 p2) 2.33.1]
  ignore line: [COMPILER_PATH=/usr/libexec/gcc/x86_64-pc-linux-gnu/9.2.0/:/usr/libexec/gcc/x86_64-pc-linux-gnu/9.2.0/:/usr/libexec/gcc/x86_64-pc-linux-gnu/:/usr/lib/gcc/x86_64-pc-linux-gnu/9.2.0/:/usr/lib/gcc/x86_64-pc-linux-gnu/:/usr/lib/gcc/x86_64-pc-linux-gnu/9.2.0/../../../../x86_64-pc-linux-gnu/bin/]
  ignore line: [LIBRARY_PATH=/usr/lib/gcc/x86_64-pc-linux-gnu/9.2.0/:/usr/lib/gcc/x86_64-pc-linux-gnu/9.2.0/../../../../lib64/:/lib/../lib64/:/usr/lib/../lib64/:/usr/lib/gcc/x86_64-pc-linux-gnu/9.2.0/../../../../x86_64-pc-linux-gnu/lib/:/usr/lib/gcc/x86_64-pc-linux-gnu/9.2.0/../../../:/lib/:/usr/lib/]
  ignore line: [COLLECT_GCC_OPTIONS='-v' '-o' 'CMakeFiles/cmTC_2a2ff.dir/CMakeCXXCompilerABI.cpp.o' '-c' '-shared-libgcc' '-mtune=generic' '-march=x86-64']
  ignore line: [Linking CXX executable cmTC_2a2ff]
  ignore line: [/usr/bin/cmake -E cmake_link_script CMakeFiles/cmTC_2a2ff.dir/link.txt --verbose=1]
  ignore line: [/usr/bin/c++      -v CMakeFiles/cmTC_2a2ff.dir/CMakeCXXCompilerABI.cpp.o  -o cmTC_2a2ff ]
  ignore line: [Using built-in specs.]
  ignore line: [COLLECT_GCC=/usr/bin/c++]
  ignore line: [COLLECT_LTO_WRAPPER=/usr/libexec/gcc/x86_64-pc-linux-gnu/9.2.0/lto-wrapper]
  ignore line: [Target: x86_64-pc-linux-gnu]
  ignore line: [Configured with: /var/portage/build/portage/sys-devel/gcc-9.2.0-r2/work/gcc-9.2.0/configure --host=x86_64-pc-linux-gnu --build=x86_64-pc-linux-gnu --prefix=/usr --bindir=/usr/x86_64-pc-linux-gnu/gcc-bin/9.2.0 --includedir=/usr/lib/gcc/x86_64-pc-linux-gnu/9.2.0/include --datadir=/usr/share/gcc-data/x86_64-pc-linux-gnu/9.2.0 --mandir=/usr/share/gcc-data/x86_64-pc-linux-gnu/9.2.0/man --infodir=/usr/share/gcc-data/x86_64-pc-linux-gnu/9.2.0/info --with-gxx-include-dir=/usr/lib/gcc/x86_64-pc-linux-gnu/9.2.0/include/g++-v9 --with-python-dir=/share/gcc-data/x86_64-pc-linux-gnu/9.2.0/python --enable-languages=c c++ fortran --enable-obsolete --enable-secureplt --disable-werror --with-system-zlib --enable-nls --without-included-gettext --enable-checking=release --with-bugurl=https://bugs.gentoo.org/ --with-pkgversion='Gentoo 9.2.0-r2 p3' --disable-esp --enable-libstdcxx-time --enable-shared --enable-threads=posix --enable-__cxa_atexit --enable-clocale=gnu --disable-multilib --with-multilib-list=m64 --disable-altivec --disable-fixed-point --enable-targets=all --enable-libgomp --disable-libmudflap --disable-libssp --disable-libada --disable-systemtap --enable-vtable-verify --enable-lto --without-isl --enable-default-pie --enable-default-ssp]
  ignore line: [Thread model: posix]
  ignore line: [gcc version 9.2.0 (Gentoo 9.2.0-r2 p3) ]
  ignore line: [COMPILER_PATH=/usr/libexec/gcc/x86_64-pc-linux-gnu/9.2.0/:/usr/libexec/gcc/x86_64-pc-linux-gnu/9.2.0/:/usr/libexec/gcc/x86_64-pc-linux-gnu/:/usr/lib/gcc/x86_64-pc-linux-gnu/9.2.0/:/usr/lib/gcc/x86_64-pc-linux-gnu/:/usr/lib/gcc/x86_64-pc-linux-gnu/9.2.0/../../../../x86_64-pc-linux-gnu/bin/]
  ignore line: [LIBRARY_PATH=/usr/lib/gcc/x86_64-pc-linux-gnu/9.2.0/:/usr/lib/gcc/x86_64-pc-linux-gnu/9.2.0/../../../../lib64/:/lib/../lib64/:/usr/lib/../lib64/:/usr/lib/gcc/x86_64-pc-linux-gnu/9.2.0/../../../../x86_64-pc-linux-gnu/lib/:/usr/lib/gcc/x86_64-pc-linux-gnu/9.2.0/../../../:/lib/:/usr/lib/]
  ignore line: [COLLECT_GCC_OPTIONS='-v' '-o' 'cmTC_2a2ff' '-shared-libgcc' '-mtune=generic' '-march=x86-64']
  link line: [ /usr/libexec/gcc/x86_64-pc-linux-gnu/9.2.0/collect2 -plugin /usr/libexec/gcc/x86_64-pc-linux-gnu/9.2.0/liblto_plugin.so -plugin-opt=/usr/libexec/gcc/x86_64-pc-linux-gnu/9.2.0/lto-wrapper -plugin-opt=-fresolution=/tmp/ccuwdBNk.res -plugin-opt=-pass-through=-lgcc_s -plugin-opt=-pass-through=-lgcc -plugin-opt=-pass-through=-lc -plugin-opt=-pass-through=-lgcc_s -plugin-opt=-pass-through=-lgcc --eh-frame-hdr -m elf_x86_64 -dynamic-linker /lib64/ld-linux-x86-64.so.2 -pie -o cmTC_2a2ff /usr/lib/gcc/x86_64-pc-linux-gnu/9.2.0/../../../../lib64/Scrt1.o /usr/lib/gcc/x86_64-pc-linux-gnu/9.2.0/../../../../lib64/crti.o /usr/lib/gcc/x86_64-pc-linux-gnu/9.2.0/crtbeginS.o -L/usr/lib/gcc/x86_64-pc-linux-gnu/9.2.0 -L/usr/lib/gcc/x86_64-pc-linux-gnu/9.2.0/../../../../lib64 -L/lib/../lib64 -L/usr/lib/../lib64 -L/usr/lib/gcc/x86_64-pc-linux-gnu/9.2.0/../../../../x86_64-pc-linux-gnu/lib -L/usr/lib/gcc/x86_64-pc-linux-gnu/9.2.0/../../.. CMakeFiles/cmTC_2a2ff.dir/CMakeCXXCompilerABI.cpp.o -lstdc++ -lm -lgcc_s -lgcc -lc -lgcc_s -lgcc /usr/lib/gcc/x86_64-pc-linux-gnu/9.2.0/crtendS.o /usr/lib/gcc/x86_64-pc-linux-gnu/9.2.0/../../../../lib64/crtn.o]
    arg [/usr/libexec/gcc/x86_64-pc-linux-gnu/9.2.0/collect2] ==> ignore
    arg [-plugin] ==> ignore
    arg [/usr/libexec/gcc/x86_64-pc-linux-gnu/9.2.0/liblto_plugin.so] ==> ignore
    arg [-plugin-opt=/usr/libexec/gcc/x86_64-pc-linux-gnu/9.2.0/lto-wrapper] ==> ignore
    arg [-plugin-opt=-fresolution=/tmp/ccuwdBNk.res] ==> ignore
    arg [-plugin-opt=-pass-through=-lgcc_s] ==> ignore
    arg [-plugin-opt=-pass-through=-lgcc] ==> ignore
    arg [-plugin-opt=-pass-through=-lc] ==> ignore
    arg [-plugin-opt=-pass-through=-lgcc_s] ==> ignore
    arg [-plugin-opt=-pass-through=-lgcc] ==> ignore
    arg [--eh-frame-hdr] ==> ignore
    arg [-m] ==> ignore
    arg [elf_x86_64] ==> ignore
    arg [-dynamic-linker] ==> ignore
    arg [/lib64/ld-linux-x86-64.so.2] ==> ignore
    arg [-pie] ==> ignore
    arg [-o] ==> ignore
    arg [cmTC_2a2ff] ==> ignore
    arg [/usr/lib/gcc/x86_64-pc-linux-gnu/9.2.0/../../../../lib64/Scrt1.o] ==> ignore
    arg [/usr/lib/gcc/x86_64-pc-linux-gnu/9.2.0/../../../../lib64/crti.o] ==> ignore
    arg [/usr/lib/gcc/x86_64-pc-linux-gnu/9.2.0/crtbeginS.o] ==> ignore
    arg [-L/usr/lib/gcc/x86_64-pc-linux-gnu/9.2.0] ==> dir [/usr/lib/gcc/x86_64-pc-linux-gnu/9.2.0]
    arg [-L/usr/lib/gcc/x86_64-pc-linux-gnu/9.2.0/../../../../lib64] ==> dir [/usr/lib/gcc/x86_64-pc-linux-gnu/9.2.0/../../../../lib64]
    arg [-L/lib/../lib64] ==> dir [/lib/../lib64]
    arg [-L/usr/lib/../lib64] ==> dir [/usr/lib/../lib64]
    arg [-L/usr/lib/gcc/x86_64-pc-linux-gnu/9.2.0/../../../../x86_64-pc-linux-gnu/lib] ==> dir [/usr/lib/gcc/x86_64-pc-linux-gnu/9.2.0/../../../../x86_64-pc-linux-gnu/lib]
    arg [-L/usr/lib/gcc/x86_64-pc-linux-gnu/9.2.0/../../..] ==> dir [/usr/lib/gcc/x86_64-pc-linux-gnu/9.2.0/../../..]
    arg [CMakeFiles/cmTC_2a2ff.dir/CMakeCXXCompilerABI.cpp.o] ==> ignore
    arg [-lstdc++] ==> lib [stdc++]
    arg [-lm] ==> lib [m]
    arg [-lgcc_s] ==> lib [gcc_s]
    arg [-lgcc] ==> lib [gcc]
    arg [-lc] ==> lib [c]
    arg [-lgcc_s] ==> lib [gcc_s]
    arg [-lgcc] ==> lib [gcc]
    arg [/usr/lib/gcc/x86_64-pc-linux-gnu/9.2.0/crtendS.o] ==> ignore
    arg [/usr/lib/gcc/x86_64-pc-linux-gnu/9.2.0/../../../../lib64/crtn.o] ==> ignore
  collapse library dir [/usr/lib/gcc/x86_64-pc-linux-gnu/9.2.0] ==> [/usr/lib/gcc/x86_64-pc-linux-gnu/9.2.0]
  collapse library dir [/usr/lib/gcc/x86_64-pc-linux-gnu/9.2.0/../../../../lib64] ==> [/usr/lib64]
  collapse library dir [/lib/../lib64] ==> [/lib64]
  collapse library dir [/usr/lib/../lib64] ==> [/usr/lib64]
  collapse library dir [/usr/lib/gcc/x86_64-pc-linux-gnu/9.2.0/../../../../x86_64-pc-linux-gnu/lib] ==> [/usr/x86_64-pc-linux-gnu/lib]
  collapse library dir [/usr/lib/gcc/x86_64-pc-linux-gnu/9.2.0/../../..] ==> [/usr/lib]
  implicit libs: [stdc++;m;gcc_s;gcc;c;gcc_s;gcc]
  implicit dirs: [/usr/lib/gcc/x86_64-pc-linux-gnu/9.2.0;/usr/lib64;/lib64;/usr/x86_64-pc-linux-gnu/lib;/usr/lib]
  implicit fwks: []


The system is: Linux - 5.16.15-gentoo-dist - x86_64
Compiling the C compiler identification source file "CMakeCCompilerId.c" succeeded.
Compiler: /usr/lib/llvm/13/bin/clang-13 
Build flags: 
Id flags:  

The output was:
0


Compilation of the C compiler identification source "CMakeCCompilerId.c" produced "a.out"

The C compiler identification is Clang, found in "/home/meil/devel/linux/stomptalk-meta/stomptalk/build/CMakeFiles/3.22.2/CompilerIdC/a.out"

Compiling the CXX compiler identification source file "CMakeCXXCompilerId.cpp" succeeded.
Compiler: /usr/lib/llvm/13/bin/clang++-13 
Build flags: 
Id flags:  

The output was:
0


Compilation of the CXX compiler identification source "CMakeCXXCompilerId.cpp" produced "a.out"

The CXX compiler identification is Clang, found in "/home/meil/devel/linux/stomptalk-meta/stomptalk/build/CMakeFiles/3.22.2/CompilerIdCXX/a.out"

Detecting C compiler ABI info compiled with the following output:
Change Dir: /home/meil/devel/linux/stomptalk-meta/stomptalk/build/CMakeFiles/CMakeTmp

Run Build Command(s):/usr/bin/ninja cmTC_a103e && [1/2] Building C object CMakeFiles/cmTC_a103e.dir/CMakeCCompilerABI.c.o
clang version 13.0.1
Target: x86_64-pc-linux-gnu
Thread model: posix
InstalledDir: /usr/lib/llvm/13/bin
Selected GCC installation: /usr/lib/gcc/x86_64-pc-linux-gnu/11.2.1
Candidate multilib: .;@m64
Candidate multilib: 32;@m32
Selected multilib: .;@m64
 (in-process)
 "/usr/lib/llvm/13/bin/clang-13" -cc1 -triple x86_64-pc-linux-gnu -emit-obj -mrelax-all --mrelax-relocations -disable-free -disable-llvm-verifier -discard-value-names -main-file-name CMakeCCompilerABI.c -mrelocation-model static -mframe-pointer=all -fmath-errno -fno-rounding-math -mconstructor-aliases -munwind-tables -target-cpu x86-64 -tune-cpu generic -debugger-tuning=gdb -v -fcoverage-compilation-dir=/home/meil/devel/linux/stomptalk-meta/stomptalk/build/CMakeFiles/CMakeTmp -resource-dir /usr/lib/llvm/13/bin/../../../../lib/clang/13.0.1 -dependency-file CMakeFiles/cmTC_a103e.dir/CMakeCCompilerABI.c.o.d -MT CMakeFiles/cmTC_a103e.dir/CMakeCCompilerABI.c.o -sys-header-deps -internal-isystem /usr/lib/llvm/13/bin/../../../../lib/clang/13.0.1/include -internal-isystem /usr/local/include -internal-isystem /usr/lib/gcc/x86_64-pc-linux-gnu/11.2.1/../../../../x86_64-pc-linux-gnu/include -internal-externc-isystem /include -internal-externc-isystem /usr/include -fdebug-compilation-dir=/home/meil/devel/linux/stomptalk-meta/stomptalk/build/CMakeFiles/CMakeTmp -ferror-limit 19 -fgnuc-version=4.2.1 -D__GCC_HAVE_DWARF2_CFI_ASM=1 -o CMakeFiles/cmTC_a103e.dir/CMakeCCompilerABI.c.o -x c /usr/share/cmake/Modules/CMakeCCompilerABI.c
clang -cc1 version 13.0.1 based upon LLVM 13.0.1 default target x86_64-pc-linux-gnu
ignoring nonexistent directory "/usr/lib/gcc/x86_64-pc-linux-gnu/11.2.1/../../../../x86_64-pc-linux-gnu/include"
ignoring nonexistent directory "/include"
#include "..." search starts here:
#include <...> search starts here:
 /usr/lib/llvm/13/bin/../../../../lib/clang/13.0.1/include
 /usr/local/include
 /usr/include
End of search list.
[2/2] Linking C executable cmTC_a103e
clang version 13.0.1
Target: x86_64-pc-linux-gnu
Thread model: posix
InstalledDir: /usr/lib/llvm/13/bin
Selected GCC installation: /usr/lib/gcc/x86_64-pc-linux-gnu/11.2.1
Candidate multilib: .;@m64
Candidate multilib: 32;@m32
Selected multilib: .;@m64
 "/usr/bin/x86_64-pc-linux-gnu-ld" --eh-frame-hdr -m elf_x86_64 -dynamic-linker /lib64/ld-linux-x86-64.so.2 -o cmTC_a103e /usr/lib/gcc/x86_64-pc-linux-gnu/11.2.1/../../../../lib64/crt1.o /usr/lib/gcc/x86_64-pc-linux-gnu/11.2.1/../../../../lib64/crti.o /usr/lib/gcc/x86_64-pc-linux-gnu/11.2.1/crtbegin.o -L/usr/lib/gcc/x86_64-pc-linux-gnu/11.2.1 -L/usr/lib/gcc/x86_64-pc-linux-gnu/11.2.1/../../../../lib64 -L/lib/../lib64 -L/usr/lib/../lib64 -L/usr/lib/gcc/x86_64-pc-linux-gnu/11.2.1/../../../../x86_64-pc-linux-gnu/lib -L/usr/lib/llvm/13/bin/../lib -L/lib -L/usr/lib CMakeFiles/cmTC_a103e.dir/CMakeCCompilerABI.c.o -lgcc --as-needed -lgcc_s --no-as-needed -lc -lgcc --as-needed -lgcc_s --no-as-needed /usr/lib/gcc/x86_64-pc-linux-gnu/11.2.1/crtend.o /usr/lib/gcc/x86_64-pc-linux-gnu/11.2.1/../../../../lib64/crtn.o



Parsed C implicit include dir info from above output: rv=done
  found start of include info
  found start of implicit include info
    add: [/usr/lib/llvm/13/bin/../../../../lib/clang/13.0.1/include]
    add: [/usr/local/include]
    add: [/usr/include]
  end of search list found
  collapse include dir [/usr/lib/llvm/13/bin/../../../../lib/clang/13.0.1/include] ==> [/usr/lib/clang/13.0.1/include]
  collapse include dir [/usr/local/include] ==> [/usr/local/include]
  collapse include dir [/usr/include] ==> [/usr/include]
  implicit include dirs: [/usr/lib/clang/13.0.1/include;/usr/local/include;/usr/include]


Parsed C implicit link information from above output:
  link line regex: [^( *|.*[/\])(ld|CMAKE_LINK_STARTFILE-NOTFOUND|([^/\]+-)?ld|collect2)[^/\]*( |$)]
  ignore line: [Change Dir: /home/meil/devel/linux/stomptalk-meta/stomptalk/build/CMakeFiles/CMakeTmp]
  ignore line: []
  ignore line: [Run Build Command(s):/usr/bin/ninja cmTC_a103e && [1/2] Building C object CMakeFiles/cmTC_a103e.dir/CMakeCCompilerABI.c.o]
  ignore line: [clang version 13.0.1]
  ignore line: [Target: x86_64-pc-linux-gnu]
  ignore line: [Thread model: posix]
  ignore line: [InstalledDir: /usr/lib/llvm/13/bin]
  ignore line: [Selected GCC installation: /usr/lib/gcc/x86_64-pc-linux-gnu/11.2.1]
  ignore line: [Candidate multilib: .]
  ignore line: [@m64]
  ignore line: [Candidate multilib: 32]
  ignore line: [@m32]
  ignore line: [Selected multilib: .]
  ignore line: [@m64]
  ignore line: [ (in-process)]
  ignore line: [ "/usr/lib/llvm/13/bin/clang-13" -cc1 -triple x86_64-pc-linux-gnu -emit-obj -mrelax-all --mrelax-relocations -disable-free -disable-llvm-verifier -discard-value-names -main-file-name CMakeCCompilerABI.c -mrelocation-model static -mframe-pointer=all -fmath-errno -fno-rounding-math -mconstructor-aliases -munwind-tables -target-cpu x86-64 -tune-cpu generic -debugger-tuning=gdb -v -fcoverage-compilation-dir=/home/meil/devel/linux/stomptalk-meta/stomptalk/build/CMakeFiles/CMakeTmp -resource-dir /usr/lib/llvm/13/bin/../../../../lib/clang/13.0.1 -dependency-file CMakeFiles/cmTC_a103e.dir/CMakeCCompilerABI.c.o.d -MT CMakeFiles/cmTC_a103e.dir/CMakeCCompilerABI.c.o -sys-header-deps -internal-isystem /usr/lib/llvm/13/bin/../../../../lib/clang/13.0.1/include -internal-isystem /usr/local/include -internal-isystem /usr/lib/gcc/x86_64-pc-linux-gnu/11.2.1/../../../../x86_64-pc-linux-gnu/include -internal-externc-isystem /include -internal-externc-isystem /usr/include -fdebug-compilation-dir=/home/meil/devel/linux/stomptalk-meta/stomptalk/build/CMakeFiles/CMakeTmp -ferror-limit 19 -fgnuc-version=4.2.1 -D__GCC_HAVE_DWARF2_CFI_ASM=1 -o CMakeFiles/cmTC_a103e.dir/CMakeCCompilerABI.c.o -x c /usr/share/cmake/Modules/CMakeCCompilerABI.c]
  ignore line: [clang -cc1 version 13.0.1 based upon LLVM 13.0.1 default target x86_64-pc-linux-gnu]
  ignore line: [ignoring nonexistent directory "/usr/lib/gcc/x86_64-pc-linux-gnu/11.2.1/../../../../x86_64-pc-linux-gnu/include"]
  ignore line: [ignoring nonexistent directory "/include"]
  ignore line: [#include "..." search starts here:]
  ignore line: [#include <...> search starts here:]
  ignore line: [ /usr/lib/llvm/13/bin/../../../../lib/clang/13.0.1/include]
  ignore line: [ /usr/local/include]
  ignore line: [ /usr/include]
  ignore line: [End of search list.]
  ignore line: [[2/2] Linking C executable cmTC_a103e]
  ignore line: [clang version 13.0.1]
  ignore line: [Target: x86_64-pc-linux-gnu]
  ignore line: [Thread model: posix]
  ignore line: [InstalledDir: /usr/lib/llvm/13/bin]
  ignore line: [Selected GCC installation: /usr/lib/gcc/x86_64-pc-linux-gnu/11.2.1]
  ignore line: [Candidate multilib: .]
  ignore line: [@m64]
  ignore line: [Candidate multilib: 32]
  ignore line: [@m32]
  ignore line: [Selected multilib: .]
  ignore line: [@m64]
  link line: [ "/usr/bin/x86_64-pc-linux-gnu-ld" --eh-frame-hdr -m elf_x86_64 -dynamic-linker /lib64/ld-linux-x86-64.so.2 -o cmTC_a103e /usr/lib/gcc/x86_64-pc-linux-gnu/11.2.1/../../../../lib64/crt1.o /usr/lib/gcc/x86_64-pc-linux-gnu/11.2.1/../../../../lib64/crti.o /usr/lib/gcc/x86_64-pc-linux-gnu/11.2.1/crtbegin.o -L/usr/lib/gcc/x86_64-pc-linux-gnu/11.2.1 -L/usr/lib/gcc/x86_64-pc-linux-gnu/11.2.1/../../../../lib64 -L/lib/../lib64 -L/usr/lib/../lib64 -L/usr/lib/gcc/x86_64-pc-linux-gnu/11.2.1/../../../../x86_64-pc-linux-gnu/lib -L/usr/lib/llvm/13/bin/../lib -L/lib -L/usr/lib CMakeFiles/cmTC_a103e.dir/CMakeCCompilerABI.c.o -lgcc --as-needed -lgcc_s --no-as-needed -lc -lgcc --as-needed -lgcc_s --no-as-needed /usr/lib/gcc/x86_64-pc-linux-gnu/11.2.1/crtend.o /usr/lib/gcc/x86_64-pc-linux-gnu/11.2.1/../../../../lib64/crtn.o]
    arg [/usr/bin/x86_64-pc-linux-gnu-ld] ==> ignore
    arg [--eh-frame-hdr] ==> ignore
    arg [-m] ==> ignore
    arg [elf_x86_64] ==> ignore
    arg [-dynamic-linker] ==> ignore
    arg [/lib64/ld-linux-x86-64.so.2] ==> ignore
    arg [-o] ==> ignore
    arg [cmTC_a103e] ==> ignore
    arg [/usr/lib/gcc/x86_64-pc-linux-gnu/11.2.1/../../../../lib64/crt1.o] ==> obj [/usr/lib/gcc/x86_64-pc-linux-gnu/11.2.1/../../../../lib64/crt1.o]
    arg [/usr/lib/gcc/x86_64-pc-linux-gnu/11.2.1/../../../../lib64/crti.o] ==> obj [/usr/lib/gcc/x86_64-pc-linux-gnu/11.2.1/../../../../lib64/crti.o]
    arg [/usr/lib/gcc/x86_64-pc-linux-gnu/11.2.1/crtbegin.o] ==> obj [/usr/lib/gcc/x86_64-pc-linux-gnu/11.2.1/crtbegin.o]
    arg [-L/usr/lib/gcc/x86_64-pc-linux-gnu/11.2.1] ==> dir [/usr/lib/gcc/x86_64-pc-linux-gnu/11.2.1]
    arg [-L/usr/lib/gcc/x86_64-pc-linux-gnu/11.2.1/../../../../lib64] ==> dir [/usr/lib/gcc/x86_64-pc-linux-gnu/11.2.1/../../../../lib64]
    arg [-L/lib/../lib64] ==> dir [/lib/../lib64]
    arg [-L/usr/lib/../lib64] ==> dir [/usr/lib/../lib64]
    arg [-L/usr/lib/gcc/x86_64-pc-linux-gnu/11.2.1/../../../../x86_64-pc-linux-gnu/lib] ==> dir [/usr/lib/gcc/x86_64-pc-linux-gnu/11.2.1/../../../../x86_64-pc-linux-gnu/lib]
    arg [-L/usr/lib/llvm/13/bin/../lib] ==> dir [/usr/lib/llvm/13/bin/../lib]
    arg [-L/lib] ==> dir [/lib]
    arg [-L/usr/lib] ==> dir [/usr/lib]
    arg [CMakeFiles/cmTC_a103e.dir/CMakeCCompilerABI.c.o] ==> ignore
    arg [-lgcc] ==> lib [gcc]
    arg [--as-needed] ==> ignore
    arg [-lgcc_s] ==> lib [gcc_s]
    arg [--no-as-needed] ==> ignore
    arg [-lc] ==> lib [c]
    arg [-lgcc] ==> lib [gcc]
    arg [--as-needed] ==> ignore
    arg [-lgcc_s] ==> lib [gcc_s]
    arg [--no-as-needed] ==> ignore
    arg [/usr/lib/gcc/x86_64-pc-linux-gnu/11.2.1/crtend.o] ==> obj [/usr/lib/gcc/x86_64-pc-linux-gnu/11.2.1/crtend.o]
    arg [/usr/lib/gcc/x86_64-pc-linux-gnu/11.2.1/../../../../lib64/crtn.o] ==> obj [/usr/lib/gcc/x86_64-pc-linux-gnu/11.2.1/../../../../lib64/crtn.o]
  collapse obj [/usr/lib/gcc/x86_64-pc-linux-gnu/11.2.1/../../../../lib64/crt1.o] ==> [/usr/lib64/crt1.o]
  collapse obj [/usr/lib/gcc/x86_64-pc-linux-gnu/11.2.1/../../../../lib64/crti.o] ==> [/usr/lib64/crti.o]
  collapse obj [/usr/lib/gcc/x86_64-pc-linux-gnu/11.2.1/../../../../lib64/crtn.o] ==> [/usr/lib64/crtn.o]
  collapse library dir [/usr/lib/gcc/x86_64-pc-linux-gnu/11.2.1] ==> [/usr/lib/gcc/x86_64-pc-linux-gnu/11.2.1]
  collapse library dir [/usr/lib/gcc/x86_64-pc-linux-gnu/11.2.1/../../../../lib64] ==> [/usr/lib64]
  collapse library dir [/lib/../lib64] ==> [/lib64]
  collapse library dir [/usr/lib/../lib64] ==> [/usr/lib64]
  collapse library dir [/usr/lib/gcc/x86_64-pc-linux-gnu/11.2.1/../../../../x86_64-pc-linux-gnu/lib] ==> [/usr/x86_64-pc-linux-gnu/lib]
  collapse library dir [/usr/lib/llvm/13/bin/../lib] ==> [/usr/lib/llvm/13/lib]
  collapse library dir [/lib] ==> [/lib]
  collapse library dir [/usr/lib] ==> [/usr/lib]
  implicit libs: [gcc;gcc_s;c;gcc;gcc_s]
  implicit objs: [/usr/lib64/crt1.o;/usr/lib64/crti.o;/usr/lib/gcc/x86_64-pc-linux-gnu/11.2.1/crtbegin.o;/usr/lib/gcc/x86_64-pc-linux-gnu/11.2.1/crtend.o;/usr/lib64/crtn.o]
  implicit dirs: [/usr/lib/gcc/x86_64-pc-linux-gnu/11.2.1;/usr/lib64;/lib64;/usr/x86_64-pc-linux-gnu/lib;/usr/lib/llvm/13/lib;/lib;/usr/lib]
  implicit fwks: []


Detecting CXX compiler ABI info compiled with the following output:
Change Dir: /home/meil/devel/linux/stomptalk-meta/stomptalk/build/CMakeFiles/CMakeTmp

Run Build Command(s):/usr/bin/ninja cmTC_aae77 && [1/2] Building CXX object CMakeFiles/cmTC_aae77.dir/CMakeCXXCompilerABI.cpp.o
clang version 13.0.1
Target: x86_64-pc-linux-gnu
Thread model: posix
InstalledDir: /usr/lib/llvm/13/bin
Selected GCC installation: /usr/lib/gcc/x86_64-pc-linux-gnu/11.2.1
Candidate multilib: .;@m64
Candidate multilib: 32;@m32
Selected multilib: .;@m64
 (in-process)
 "/usr/lib/llvm/13/bin/clang-13" -cc1 -triple x86_64-pc-linux-gnu -emit-obj -mrelax-all --mrelax-relocations -disable-free -disable-llvm-verifier -discard-value-names -main-file-name CMakeCXXCompilerABI.cpp -mrelocation-model static -mframe-pointer=all -fmath-errno -fno-rounding-math -mconstructor-aliases -munwind-tables -target-cpu x86-64 -tune-cpu generic -debugger-tuning=gdb -v -fcoverage-compilation-dir=/home/meil/devel/linux/stomptalk-meta/stomptalk/build/CMakeFiles/CMakeTmp -resource-dir /usr/lib/llvm/13/bin/../../../../lib/clang/13.0.1 -dependency-file CMakeFiles/cmTC_aae77.dir/CMakeCXXCompilerABI.cpp.o.d -MT CMakeFiles/cmTC_aae77.dir/CMakeCXXCompilerABI.cpp.o -sys-header-deps -internal-isystem /usr/lib/gcc/x86_64-pc-linux-gnu/11.2.1/include/g++-v11 -internal-isystem /usr/lib/gcc/x86_64-pc-linux-gnu/11.2.1/include/g++-v11/x86_64-pc-linux-gnu -internal-isystem /usr/lib/gcc/x86_64-pc-linux-gnu/11.2.1/include/g++-v11/backward -internal-isystem /usr/lib/llvm/13/bin/../../../../lib/clang/13.0.1/include -internal-isystem /usr/local/include -internal-isystem /usr/lib/gcc/x86_64-pc-linux-gnu/11.2.1/../../../../x86_64-pc-linux-gnu/include -internal-externc-isystem /include -internal-externc-isystem /usr/include -fdeprecated-macro -fdebug-compilation-dir=/home/meil/devel/linux/stomptalk-meta/stomptalk/build/CMakeFiles/CMakeTmp -ferror-limit 19 -fgnuc-version=4.2.1 -fcxx-exceptions -fexceptions -D__GCC_HAVE_DWARF2_CFI_ASM=1 -o CMakeFiles/cmTC_aae77.dir/CMakeCXXCompilerABI.cpp.o -x c++ /usr/share/cmake/Modules/CMakeCXXCompilerABI.cpp
clang -cc1 version 13.0.1 based upon LLVM 13.0.1 default target x86_64-pc-linux-gnu
ignoring nonexistent directory "/usr/lib/gcc/x86_64-pc-linux-gnu/11.2.1/../../../../x86_64-pc-linux-gnu/include"
ignoring nonexistent directory "/include"
#include "..." search starts here:
#include <...> search starts here:
 /usr/lib/gcc/x86_64-pc-linux-gnu/11.2.1/include/g++-v11
 /usr/lib/gcc/x86_64-pc-linux-gnu/11.2.1/include/g++-v11/x86_64-pc-linux-gnu
 /usr/lib/gcc/x86_64-pc-linux-gnu/11.2.1/include/g++-v11/backward
 /usr/lib/llvm/13/bin/../../../../lib/clang/13.0.1/include
 /usr/local/include
 /usr/include
End of search list.
[2/2] Linking CXX executable cmTC_aae77
clang version 13.0.1
Target: x86_64-pc-linux-gnu
Thread model: posix
InstalledDir: /usr/lib/llvm/13/bin
Selected GCC installation: /usr/lib/gcc/x86_64-pc-linux-gnu/11.2.1
Candidate multilib: .;@m64
Candidate multilib: 32;@m32
Selected multilib: .;@m64
 "/usr/bin/x86_64-pc-linux-gnu-ld" --eh-frame-hdr -m elf_x86_64 -dynamic-linker /lib64/ld-linux-x86-64.so.2 -o cmTC_aae77 /usr/lib/gcc/x86_64-pc-linux-gnu/11.2.1/../../../../lib64/crt1.o /usr/lib/gcc/x86_64-pc-linux-gnu/11.2.1/../../../../lib64/crti.o /usr/lib/gcc/x86_64-pc-linux-gnu/11.2.1/crtbegin.o -L/usr/lib/gcc/x86_64-pc-linux-gnu/11.2.1 -L/usr/lib/gcc/x86_64-pc-linux-gnu/11.2.1/../../../../lib64 -L/lib/../lib64 -L/usr/lib/../lib64 -L/usr/lib/gcc/x86_64-pc-linux-gnu/11.2.1/../../../../x86_64-pc-linux-gnu/lib -L/usr/lib/llvm/13/bin/../lib -L/lib -L/usr/lib CMakeFiles/cmTC_aae77.dir/CMakeCXXCompilerABI.cpp.o -lstdc++ -lm -lgcc_s -lgcc -lc -lgcc_s -lgcc /usr/lib/gcc/x86_64-pc-linux-gnu/11.2.1/crtend.o /usr/lib/gcc/x86_64-pc-linux-gnu/11.2.1/../../../../lib64/crtn.o



Parsed CXX implicit include dir info from above output: rv=done
  found start of include info
  found start of implicit include info
    add: [/usr/lib/gcc/x86_64-pc-linux-gnu/11.2.1/include/g++-v11]
    add: [/usr/lib/gcc/x86_64-pc-linux-gnu/11.2.1/include/g++-v11/x86_64-pc-linux-gnu]
    add: [/usr/lib/gcc/x86_64-pc-linux-gnu/11.2.1/include/g++-v11/backward]
    add: [/usr/lib/llvm/13/bin/../../../../lib/clang/13.0.1/include]
    add: [/usr/local/include]
    add: [/usr/include]
  end of search list found
  collapse include dir [/usr/lib/gcc/x86_64-pc-linux-gnu/11.2.1/include/g++-v11] ==> [/usr/lib/gcc/x86_64-pc-linux-gnu/11.2.1/include/g++-v11]
  collapse include dir [/usr/lib/gcc/x86_64-pc-linux-gnu/11.2.1/include/g++-v11/x86_64-pc-linux-gnu] ==> [/usr/lib/gcc/x86_64-pc-linux-gnu/11.2.1/include/g++-v11/x86_64-pc-linux-gnu]
  collapse include dir [/usr/lib/gcc/x86_64-pc-linux-gnu/11.2.1/include/g++-v11/backward] ==> [/usr/lib/gcc/x86_64-pc-linux-gnu/11.2.1/include/g++-v11/backward]
  collapse include dir [/usr/lib/llvm/13/bin/../../../../lib/clang/13.0.1/include] ==> [/usr/lib/clang/13.0.1/include]
  collapse include dir [/usr/local/include] ==> [/usr/local/include]
  collapse include dir [/usr/include] ==> [/usr/include]
  implicit include dirs: [/usr/lib/gcc/x86_64-pc-linux-gnu/11.2.1/include/g++-v11;/usr/lib/gcc/x86_64-pc-linux-gnu/11.2.1/include/g++-v11/x86_64-pc-linux-gnu;/usr/lib/gcc/x86_64-pc-linux-gnu/11.2.1/include/g++-v11/backward;/usr/lib/clang/13.0.1/include;/usr/local/include;/usr/include]


Parsed CXX implicit link information from above output:
  link line regex: [^( *|.*[/\])(ld|CMAKE_LINK_STARTFILE-NOTFOUND|([^/\]+-)?ld|collect2)[^/\]*( |$)]
  ignore line: [Change Dir: /home/meil/devel/linux/stomptalk-meta/stomptalk/build/CMakeFiles/CMakeTmp]
  ignore line: []
  ignore line: [Run Build Command(s):/usr/bin/ninja cmTC_aae77 && [1/2] Building CXX object CMakeFiles/cmTC_aae77.dir/CMakeCXXCompilerABI.cpp.o]
  ignore line: [clang version 13.0.1]
  ignore line: [Target: x86_64-pc-linux-gnu]
  ignore line: [Thread model: posix]
  ignore line: [InstalledDir: /usr/lib/llvm/13/bin]
  ignore line: [Selected GCC installation: /usr/lib/gcc/x86_64-pc-linux-gnu/11.2.1]
  ignore line: [Candidate multilib: .]
  ignore line: [@m64]
  ignore line: [Candidate multilib: 32]
  ignore line: [@m32]
  ignore line: [Selected multilib: .]
  ignore line: [@m64]
  ignore line: [ (in-process)]
  ignore line: [ "/usr/lib/llvm/13/bin/clang-13" -cc1 -triple x86_64-pc-linux-gnu -emit-obj -mrelax-all --mrelax-relocations -disable-free -disable-llvm-verifier -discard-value-names -main-file-name CMakeCXXCompilerABI.cpp -mrelocation-model static -mframe-pointer=all -fmath-errno -fno-rounding-math -mconstructor-aliases -munwind-tables -target-cpu x86-64 -tune-cpu generic -debugger-tuning=gdb -v -fcoverage-compilation-dir=/home/meil/devel/linux/stomptalk-meta/stomptalk/build/CMakeFiles/CMakeTmp -resource-dir /usr/lib/llvm/13/bin/../../../../lib/clang/13.0.1 -dependency-file CMakeFiles/cmTC_aae77.dir/CMakeCXXCompilerABI.cpp.o.d -MT CMakeFiles/cmTC_aae77.dir/CMakeCXXCompilerABI.cpp.o -sys-header-deps -internal-isystem /usr/lib/gcc/x86_64-pc-linux-gnu/11.2.1/include/g++-v11 -internal-isystem /usr/lib/gcc/x86_64-pc-linux-gnu/11.2.1/include/g++-v11/x86_64-pc-linux-gnu -internal-isystem /usr/lib/gcc/x86_64-pc-linux-gnu/11.2.1/include/g++-v11/backward -internal-isystem /usr/lib/llvm/13/bin/../../../../lib/clang/13.0.1/include -internal-isystem /usr/local/include -internal-isystem /usr/lib/gcc/x86_64-pc-linux-gnu/11.2.1/../../../../x86_64-pc-linux-gnu/include -internal-externc-isystem /include -internal-externc-isystem /usr/include -fdeprecated-macro -fdebug-compilation-dir=/home/meil/devel/linux/stomptalk-meta/stomptalk/build/CMakeFiles/CMakeTmp -ferror-limit 19 -fgnuc-version=4.2.1 -fcxx-exceptions -fexceptions -D__GCC_HAVE_DWARF2_CFI_ASM=1 -o CMakeFiles/cmTC_aae77.dir/CMakeCXXCompilerABI.cpp.o -x c++ /usr/share/cmake/Modules/CMakeCXXCompilerABI.cpp]
  ignore line: [clang -cc1 version 13.0.1 based upon LLVM 13.0.1 default target x86_64-pc-linux-gnu]
  ignore line: [ignoring nonexistent directory "/usr/lib/gcc/x86_64-pc-linux-gnu/11.2.1/../../../../x86_64-pc-linux-gnu/include"]
  ignore line: [ignoring nonexistent directory "/include"]
  ignore line: [#include "..." search starts here:]
  ignore line: [#include <...> search starts here:]
  ignore line: [ /usr/lib/gcc/x86_64-pc-linux-gnu/11.2.1/include/g++-v11]
  ignore line: [ /usr/lib/gcc/x86_64-pc-linux-gnu/11.2.1/include/g++-v11/x86_64-pc-linux-gnu]
  ignore line: [ /usr/lib/gcc/x86_64-pc-linux-gnu/11.2.1/include/g++-v11/backward]
  ignore line: [ /usr/lib/llvm/13/bin/../../../../lib/clang/13.0.1/include]
  ignore line: [ /usr/local/include]
  ignore line: [ /usr/include]
  ignore line: [End of search list.]
  ignore line: [[2/2] Linking CXX executable cmTC_aae77]
  ignore line: [clang version 13.0.1]
  ignore line: [Target: x86_64-pc-linux-gnu]
  ignore line: [Thread model: posix]
  ignore line: [InstalledDir: /usr/lib/llvm/13/bin]
  ignore line: [Selected GCC installation: /usr/lib/gcc/x86_64-pc-linux-gnu/11.2.1]
  ignore line: [Candidate multilib: .]
  ignore line: [@m64]
  ignore line: [Candidate multilib: 32]
  ignore line: [@m32]
  ignore line: [Selected multilib: .]
  ignore line: [@m64]
  link line: [ "/usr/bin/x86_64-pc-linux-gnu-ld" --eh-frame-hdr -m elf_x86_64 -dynamic-linker /lib64/ld-linux-x86-64.so.2 -o cmTC_aae77 /usr/lib/gcc/x86_64-pc-linux-gnu/11.2.1/../../../../lib64/crt1.o /usr/lib/gcc/x86_64-pc-linux-gnu/11.2.1/../../../../lib64/crti.o /usr/lib/gcc/x86_64-pc-linux-gnu/11.2.1/crtbegin.o -L/usr/lib/gcc/x86_64-pc-linux-gnu/11.2.1 -L/usr/lib/gcc/x86_64-pc-linux-gnu/11.2.1/../../../../lib64 -L/lib/../lib64 -L/usr/lib/../lib64 -L/usr/lib/gcc/x86_64-pc-linux-gnu/11.2.1/../../../../x86_64-pc-linux-gnu/lib -L/usr/lib/llvm/13/bin/../lib -L/lib -L/usr/lib CMakeFiles/cmTC_aae77.dir/CMakeCXXCompilerABI.cpp.o -lstdc++ -lm -lgcc_s -lgcc -lc -lgcc_s -lgcc /usr/lib/gcc/x86_64-pc-linux-gnu/11.2.1/crtend.o /usr/lib/gcc/x86_64-pc-linux-gnu/11.2.1/../../../../lib64/crtn.o]
    arg [/usr/bin/x86_64-pc-linux-gnu-ld] ==> ignore
    arg [--eh-frame-hdr] ==> ignore
    arg [-m] ==> ignore
    arg [elf_x86_64] ==> ignore
    arg [-dynamic-linker] ==> ignore
    arg [/lib64/ld-linux-x86-64.so.2] ==> ignore
    arg [-o] ==> ignore
    arg [cmTC_aae77] ==> ignore
    arg [/usr/lib/gcc/x86_64-pc-linux-gnu/11.2.1/../../../../lib64/crt1.o] ==> obj [/usr/lib/gcc/x86_64-pc-linux-gnu/11.2.1/../../../../lib64/crt1.o]
    arg [/usr/lib/gcc/x86_64-pc-linux-gnu/11.2.1/../../../../lib64/crti.o] ==> obj [/usr/lib/gcc/x86_64-pc-linux-gnu/11.2.1/../../../../lib64/crti.o]
    arg [/usr/lib/gcc/x86_64-pc-linux-gnu/11.2.1/crtbegin.o] ==> obj [/usr/lib/gcc/x86_64-pc-linux-gnu/11.2.1/crtbegin.o]
    arg [-L/usr/lib/gcc/x86_64-pc-linux-gnu/11.2.1] ==> dir [/usr/lib/gcc/x86_64-pc-linux-gnu/11.2.1]
    arg [-L/usr/lib/gcc/x86_64-pc-linux-gnu/11.2.1/../../../../lib64] ==> dir [/usr/lib/gcc/x86_64-pc-linux-gnu/11.2.1/../../../../lib64]
    arg [-L/lib/../lib64] ==> dir [/lib/../lib64]
    arg [-L/usr/lib/../lib64] ==> dir [/usr/lib/../lib64]
    arg [-L/usr/lib/gcc/x86_64-pc-linux-gnu/11.2.1/../../../../x86_64-pc-linux-gnu/lib] ==> dir [/usr/lib/gcc/x86_64-pc-linux-gnu/11.2.1/../../../../x86_64-pc-linux-gnu/lib]
    arg [-L/usr/lib/llvm/13/bin/../lib] ==> dir [/usr/lib/llvm/13/bin/../lib]
    arg [-L/lib] ==> dir [/lib]
    arg [-L/usr/lib] ==> dir [/usr/lib]
    arg [CMakeFiles/cmTC_aae77.dir/CMakeCXXCompilerABI.cpp.o] ==> ignore
    arg [-lstdc++] ==> lib [stdc++]
    arg [-lm] ==> lib [m]
    arg [-lgcc_s] ==> lib [gcc_s]
    arg [-lgcc] ==> lib [gcc]
    arg [-lc] ==> lib [c]
    arg [-lgcc_s] ==> lib [gcc_s]
    arg [-lgcc] ==> lib [gcc]
    arg [/usr/lib/gcc/x86_64-pc-linux-gnu/11.2.1/crtend.o] ==> obj [/usr/lib/gcc/x86_64-pc-linux-gnu/11.2.1/crtend.o]
    arg [/usr/lib/gcc/x86_64-pc-linux-gnu/11.2.1/../../../../lib64/crtn.o] ==> obj [/usr/lib/gcc/x86_64-pc-linux-gnu/11.2.1/../../../../lib64/crtn.o]
  collapse obj [/usr/lib/gcc/x86_64-pc-linux-gnu/11.2.1/../../../../lib64/crt1.o] ==> [/usr/lib64/crt1.o]
  collapse obj [/usr/lib/gcc/x86_64-pc-linux-gnu/11.2.1/../../../../lib64/crti.o] ==> [/usr/lib64/crti.o]
  collapse obj [/usr/lib/gcc/x86_64-pc-linux-gnu/11.2.1/../../../../lib64/crtn.o] ==> [/usr/lib64/crtn.o]
  collapse library dir [/usr/lib/gcc/x86_64-pc-linux-gnu/11.2.1] ==> [/usr/lib/gcc/x86_64-pc-linux-gnu/11.2.1]
  collapse library dir [/usr/lib/gcc/x86_64-pc-linux-gnu/11.2.1/../../../../lib64] ==> [/usr/lib64]
  collapse library dir [/lib/../lib64] ==> [/lib64]
  collapse library dir [/usr/lib/../lib64] ==> [/usr/lib64]
  collapse library dir [/usr/lib/gcc/x86_64-pc-linux-gnu/11.2.1/../../../../x86_64-pc-linux-gnu/lib] ==> [/usr/x86_64-pc-linux-gnu/lib]
  collapse library dir [/usr/lib/llvm/13/bin/../lib] ==> [/usr/lib/llvm/13/lib]
  collapse library dir [/lib] ==> [/lib]
  collapse library dir [/usr/lib] ==> [/usr/lib]
  implicit libs: [stdc++;m;gcc_s;gcc;c;gcc_s;gcc]
  implicit objs: [/usr/lib64/crt1.o;/usr/lib64/crti.o;/usr/lib/gcc/x86_64-pc-linux-gnu/11.2.1/crtbegin.o;/usr/lib/gcc/x86_64-pc-linux-gnu/11.2.1/crtend.o;/usr/lib64/crtn.o]
  implicit dirs: [/usr/lib/gcc/x86_64-pc-linux-gnu/11.2.1;/usr/lib64;/lib64;/usr/x86_64-pc-linux-gnu/lib;/usr/lib/llvm/13/lib;/lib;/usr/lib]
  implicit fwks: []


